[0.011s] Invoking command in '/home/taka4/ros2_ws/src/adi_driver2/build/adi_driver2': CMAKE_PREFIX_PATH=${CMAKE_PREFIX_PATH}:/opt/ros/foxy /usr/bin/cmake --build /home/taka4/ros2_ws/src/adi_driver2/build/adi_driver2 -- -j16 -l16
[0.044s] [35m[1mScanning dependencies of target adis16465[0m
[0.063s] [ 33%] [32mBuilding CXX object CMakeFiles/adis16465.dir/src/adis16465_node.cpp.o[0m
[0.807s] [01m[K/home/taka4/ros2_ws/src/adi_driver2/src/adis16465_node.cpp:[m[K In member function â€˜[01m[Kbool adi_driver2::ImuNode::open()[m[Kâ€™:
[0.807s] [01m[K/home/taka4/ros2_ws/src/adi_driver2/src/adis16465_node.cpp:109:1:[m[K [01;35m[Kwarning: [m[Kno return statement in function returning non-void [[01;35m[K-Wreturn-type[m[K]
[0.807s]   109 | [01;35m[K}[m[K
[0.807s]       | [01;35m[K^[m[K
[0.811s] [01m[K/home/taka4/ros2_ws/src/adi_driver2/src/adis16465_node.cpp:[m[K In member function â€˜[01m[Kint adi_driver2::ImuNode::publish_imu_data()[m[Kâ€™:
[0.811s] [01m[K/home/taka4/ros2_ws/src/adi_driver2/src/adis16465_node.cpp:134:1:[m[K [01;35m[Kwarning: [m[Kno return statement in function returning non-void [[01;35m[K-Wreturn-type[m[K]
[0.811s]   134 | [01;35m[K}[m[K
[0.811s]       | [01;35m[K^[m[K
[0.814s] [01m[K/home/taka4/ros2_ws/src/adi_driver2/src/adis16465_node.cpp:[m[K In member function â€˜[01m[Kint adi_driver2::ImuNode::publish_temp_data()[m[Kâ€™:
[0.815s] [01m[K/home/taka4/ros2_ws/src/adi_driver2/src/adis16465_node.cpp:145:1:[m[K [01;35m[Kwarning: [m[Kno return statement in function returning non-void [[01;35m[K-Wreturn-type[m[K]
[0.815s]   145 | [01;35m[K}[m[K
[0.815s]       | [01;35m[K^[m[K
[0.823s] [01m[K/home/taka4/ros2_ws/src/adi_driver2/src/adis16465_node.cpp:[m[K In function â€˜[01m[Kint main(int, char**)[m[Kâ€™:
[0.823s] [01m[K/home/taka4/ros2_ws/src/adi_driver2/src/adis16465_node.cpp:230:3:[m[K [01;31m[Kerror: [m[Kâ€˜[01m[KImuNode[m[Kâ€™ was not declared in this scope; did you mean â€˜[01m[Kadi_driver2::ImuNode[m[Kâ€™?
[0.823s]   230 |   [01;31m[KImuNode[m[K and_driver2::node(ndt_scan_matcher);
[0.823s]       |   [01;31m[K^~~~~~~[m[K
[0.823s]       |   [32m[Kadi_driver2::ImuNode[m[K
[0.823s] In file included from [01m[K/home/taka4/ros2_ws/src/adi_driver2/src/adis16465_node.cpp:40[m[K:
[0.823s] [01m[K/home/taka4/ros2_ws/src/adi_driver2/include/adi_driver2/adis16465_node.hpp:42:7:[m[K [01;36m[Knote: [m[Kâ€˜[01m[Kadi_driver2::ImuNode[m[Kâ€™ declared here
[0.823s]    42 | class [01;36m[KImuNode[m[K : public rclcpp::Node {
[0.823s]       |       [01;36m[K^~~~~~~[m[K
[0.823s] [01m[K/home/taka4/ros2_ws/src/adi_driver2/src/adis16465_node.cpp:232:20:[m[K [01;31m[Kerror: [m[Kâ€˜[01m[Kclass std::shared_ptr<adi_driver2::ImuNode>[m[Kâ€™ has no member named â€˜[01m[Kopen[m[Kâ€™
[0.824s]   232 |   ndt_scan_matcher.[01;31m[Kopen[m[K();
[0.824s]       |                    [01;31m[K^~~~[m[K
[0.824s] [01m[K/home/taka4/ros2_ws/src/adi_driver2/src/adis16465_node.cpp:233:11:[m[K [01;31m[Kerror: [m[Kâ€˜[01m[Knode[m[Kâ€™ was not declared in this scope
[0.824s]   233 |   while (![01;31m[Knode[m[K.is_opened())
[0.824s]       |           [01;31m[K^~~~[m[K
[0.824s] [01m[K/home/taka4/ros2_ws/src/adi_driver2/src/adis16465_node.cpp:237:22:[m[K [01;31m[Kerror: [m[Kâ€˜[01m[Kclass std::shared_ptr<adi_driver2::ImuNode>[m[Kâ€™ has no member named â€˜[01m[Kopen[m[Kâ€™
[0.824s]   237 |     ndt_scan_matcher.[01;31m[Kopen[m[K();
[0.824s]       |                      [01;31m[K^~~~[m[K
[0.824s] [01m[K/home/taka4/ros2_ws/src/adi_driver2/src/adis16465_node.cpp:239:20:[m[K [01;31m[Kerror: [m[Kâ€˜[01m[Kclass std::shared_ptr<adi_driver2::ImuNode>[m[Kâ€™ has no member named â€˜[01m[Kspin[m[Kâ€™
[0.824s]   239 |   ndt_scan_matcher.[01;31m[Kspin[m[K();
[0.825s]       |                    [01;31m[K^~~~[m[K
[1.418s] make[2]: *** [CMakeFiles/adis16465.dir/build.make:76: CMakeFiles/adis16465.dir/src/adis16465_node.cpp.o] ã‚¨ãƒ©ãƒ¼ 1
[1.418s] make[1]: *** [CMakeFiles/Makefile2:78: CMakeFiles/adis16465.dir/all] ã‚¨ãƒ©ãƒ¼ 2
[1.418s] make: *** [Makefile:141: all] ã‚¨ãƒ©ãƒ¼ 2
[1.420s] Invoked command in '/home/taka4/ros2_ws/src/adi_driver2/build/adi_driver2' returned '2': CMAKE_PREFIX_PATH=${CMAKE_PREFIX_PATH}:/opt/ros/foxy /usr/bin/cmake --build /home/taka4/ros2_ws/src/adi_driver2/build/adi_driver2 -- -j16 -l16
