[0.010s] Invoking command in '/home/taka4/ros2_ws/src/adi_driver2/build/adi_driver2': CMAKE_PREFIX_PATH=${CMAKE_PREFIX_PATH}:/opt/ros/foxy /usr/bin/cmake --build /home/taka4/ros2_ws/src/adi_driver2/build/adi_driver2 -- -j16 -l16
[0.038s] [35m[1mScanning dependencies of target adis16465[0m
[0.055s] [ 33%] [32mBuilding CXX object CMakeFiles/adis16465.dir/src/adis16465_node.cpp.o[0m
[0.813s] [01m[K/home/taka4/ros2_ws/src/adi_driver2/src/adis16465_node.cpp:[m[K In member function â€˜[01m[Kbool adi_driver2::ImuNode::open()[m[Kâ€™:
[0.813s] [01m[K/home/taka4/ros2_ws/src/adi_driver2/src/adis16465_node.cpp:109:1:[m[K [01;35m[Kwarning: [m[Kno return statement in function returning non-void [[01;35m[K-Wreturn-type[m[K]
[0.813s]   109 | [01;35m[K}[m[K
[0.813s]       | [01;35m[K^[m[K
[0.817s] [01m[K/home/taka4/ros2_ws/src/adi_driver2/src/adis16465_node.cpp:[m[K In member function â€˜[01m[Kint adi_driver2::ImuNode::publish_imu_data()[m[Kâ€™:
[0.817s] [01m[K/home/taka4/ros2_ws/src/adi_driver2/src/adis16465_node.cpp:134:1:[m[K [01;35m[Kwarning: [m[Kno return statement in function returning non-void [[01;35m[K-Wreturn-type[m[K]
[0.817s]   134 | [01;35m[K}[m[K
[0.817s]       | [01;35m[K^[m[K
[0.820s] [01m[K/home/taka4/ros2_ws/src/adi_driver2/src/adis16465_node.cpp:[m[K In member function â€˜[01m[Kint adi_driver2::ImuNode::publish_temp_data()[m[Kâ€™:
[0.820s] [01m[K/home/taka4/ros2_ws/src/adi_driver2/src/adis16465_node.cpp:146:1:[m[K [01;35m[Kwarning: [m[Kno return statement in function returning non-void [[01;35m[K-Wreturn-type[m[K]
[0.821s]   146 | [01;35m[K}[m[K
[0.821s]       | [01;35m[K^[m[K
[0.822s] [01m[K/home/taka4/ros2_ws/src/adi_driver2/src/adis16465_node.cpp:[m[K In function â€˜[01m[Kbool adi_driver2::spin()[m[Kâ€™:
[0.822s] [01m[K/home/taka4/ros2_ws/src/adi_driver2/src/adis16465_node.cpp:150:26:[m[K [01;31m[Kerror: [m[Kâ€˜[01m[Krate_[m[Kâ€™ was not declared in this scope
[0.822s]   150 |   rclcpp::Rate loop_rate([01;31m[Krate_[m[K);
[0.822s]       |                          [01;31m[K^~~~~[m[K
[0.823s] [01m[K/home/taka4/ros2_ws/src/adi_driver2/src/adis16465_node.cpp:154:9:[m[K [01;31m[Kerror: [m[Kâ€˜[01m[Kburst_mode_[m[Kâ€™ was not declared in this scope
[0.823s]   154 |     if ([01;31m[Kburst_mode_[m[K)
[0.823s]       |         [01;31m[K^~~~~~~~~~~[m[K
[0.824s] [01m[K/home/taka4/ros2_ws/src/adi_driver2/src/adis16465_node.cpp:156:11:[m[K [01;31m[Kerror: [m[Kâ€˜[01m[Kimu[m[Kâ€™ was not declared in this scope
[0.824s]   156 |       if ([01;31m[Kimu[m[K.update_burst() == 0)
[0.824s]       |           [01;31m[K^~~[m[K
[0.825s] [01m[K/home/taka4/ros2_ws/src/adi_driver2/src/adis16465_node.cpp:158:9:[m[K [01;31m[Kerror: [m[Kâ€˜[01m[Kpublish_imu_data[m[Kâ€™ was not declared in this scope
[0.825s]   158 |         [01;31m[Kpublish_imu_data[m[K();
[0.825s]       |         [01;31m[K^~~~~~~~~~~~~~~~[m[K
[0.827s] [01m[K/home/taka4/ros2_ws/src/adi_driver2/src/adis16465_node.cpp:165:14:[m[K [01;31m[Kerror: [m[Kâ€˜[01m[Kpublish_temperature_[m[Kâ€™ was not declared in this scope
[0.827s]   165 |     else if ([01;31m[Kpublish_temperature_[m[K)
[0.827s]       |              [01;31m[K^~~~~~~~~~~~~~~~~~~~[m[K
[0.827s] [01m[K/home/taka4/ros2_ws/src/adi_driver2/src/adis16465_node.cpp:167:11:[m[K [01;31m[Kerror: [m[Kâ€˜[01m[Kimu[m[Kâ€™ was not declared in this scope
[0.828s]   167 |       if ([01;31m[Kimu[m[K.update() == 0)
[0.828s]       |           [01;31m[K^~~[m[K
[0.829s] [01m[K/home/taka4/ros2_ws/src/adi_driver2/src/adis16465_node.cpp:169:9:[m[K [01;31m[Kerror: [m[Kâ€˜[01m[Kpublish_imu_data[m[Kâ€™ was not declared in this scope
[0.829s]   169 |         [01;31m[Kpublish_imu_data[m[K();
[0.829s]       |         [01;31m[K^~~~~~~~~~~~~~~~[m[K
[0.831s] [01m[K/home/taka4/ros2_ws/src/adi_driver2/src/adis16465_node.cpp:170:9:[m[K [01;31m[Kerror: [m[Kâ€˜[01m[Kpublish_temp_data[m[Kâ€™ was not declared in this scope
[0.831s]   170 |         [01;31m[Kpublish_temp_data[m[K();
[0.831s]       |         [01;31m[K^~~~~~~~~~~~~~~~~[m[K
[0.831s] [01m[K/home/taka4/ros2_ws/src/adi_driver2/src/adis16465_node.cpp:179:11:[m[K [01;31m[Kerror: [m[Kâ€˜[01m[Kimu[m[Kâ€™ was not declared in this scope
[0.831s]   179 |       if ([01;31m[Kimu[m[K.update_burst() == 0)
[0.831s]       |           [01;31m[K^~~[m[K
[0.833s] [01m[K/home/taka4/ros2_ws/src/adi_driver2/src/adis16465_node.cpp:181:9:[m[K [01;31m[Kerror: [m[Kâ€˜[01m[Kpublish_imu_data[m[Kâ€™ was not declared in this scope
[0.833s]   181 |         [01;31m[Kpublish_imu_data[m[K();
[0.833s]       |         [01;31m[K^~~~~~~~~~~~~~~~[m[K
[0.834s] [01m[K/home/taka4/ros2_ws/src/adi_driver2/src/adis16465_node.cpp:182:9:[m[K [01;31m[Kerror: [m[Kâ€˜[01m[Kpublish_temp_data[m[Kâ€™ was not declared in this scope
[0.834s]   182 |         [01;31m[Kpublish_temp_data[m[K();
[0.835s]       |         [01;31m[K^~~~~~~~~~~~~~~~~[m[K
[0.835s] [01m[K/home/taka4/ros2_ws/src/adi_driver2/src/adis16465_node.cpp:191:11:[m[K [01;31m[Kerror: [m[Kâ€˜[01m[Kimu[m[Kâ€™ was not declared in this scope
[0.835s]   191 |       if ([01;31m[Kimu[m[K.update() == 0)
[0.835s]       |           [01;31m[K^~~[m[K
[0.837s] [01m[K/home/taka4/ros2_ws/src/adi_driver2/src/adis16465_node.cpp:193:9:[m[K [01;31m[Kerror: [m[Kâ€˜[01m[Kpublish_imu_data[m[Kâ€™ was not declared in this scope
[0.837s]   193 |         [01;31m[Kpublish_imu_data[m[K();
[0.837s]       |         [01;31m[K^~~~~~~~~~~~~~~~[m[K
[0.837s] [01m[K/home/taka4/ros2_ws/src/adi_driver2/src/adis16465_node.cpp:200:13:[m[K [01;31m[Kerror: [m[Kâ€˜[01m[Kspin_once[m[Kâ€™ is not a member of â€˜[01m[Krclcpp[m[Kâ€™; did you mean â€˜[01m[Kspin_some[m[Kâ€™?
[0.837s]   200 |     rclcpp::[01;31m[Kspin_once[m[K();
[0.837s]       |             [01;31m[K^~~~~~~~~[m[K
[0.837s]       |             [32m[Kspin_some[m[K
[0.841s] [01m[K/home/taka4/ros2_ws/src/adi_driver2/src/adis16465_node.cpp:[m[K In function â€˜[01m[Kint main(int, char**)[m[Kâ€™:
[0.841s] [01m[K/home/taka4/ros2_ws/src/adi_driver2/src/adis16465_node.cpp:299:23:[m[K [01;31m[Kerror: [m[Kâ€˜[01m[Kusing element_type = class adi_driver2::ImuNode[m[Kâ€™ {aka â€˜[01m[Kclass adi_driver2::ImuNode[m[Kâ€™} has no member named â€˜[01m[Kspin[m[Kâ€™
[0.841s]   299 |   ndt_scan_matcher -> [01;31m[Kspin[m[K(); //ãƒŽãƒ¼ãƒ‰ã‚’å®Ÿè¡Œ
[0.841s]       |                       [01;31m[K^~~~[m[K
[1.413s] make[2]: *** [CMakeFiles/adis16465.dir/build.make:76: CMakeFiles/adis16465.dir/src/adis16465_node.cpp.o] ã‚¨ãƒ©ãƒ¼ 1
[1.413s] make[1]: *** [CMakeFiles/Makefile2:78: CMakeFiles/adis16465.dir/all] ã‚¨ãƒ©ãƒ¼ 2
[1.413s] make: *** [Makefile:141: all] ã‚¨ãƒ©ãƒ¼ 2
[1.415s] Invoked command in '/home/taka4/ros2_ws/src/adi_driver2/build/adi_driver2' returned '2': CMAKE_PREFIX_PATH=${CMAKE_PREFIX_PATH}:/opt/ros/foxy /usr/bin/cmake --build /home/taka4/ros2_ws/src/adi_driver2/build/adi_driver2 -- -j16 -l16
