[0.011s] Invoking command in '/home/taka4/ros2_ws/src/adi_driver2/build/adi_driver2': CMAKE_PREFIX_PATH=${CMAKE_PREFIX_PATH}:/opt/ros/foxy /usr/bin/cmake --build /home/taka4/ros2_ws/src/adi_driver2/build/adi_driver2 -- -j16 -l16
[0.046s] [ 33%] [32mBuilding CXX object CMakeFiles/adis16465.dir/src/adis16465.cpp.o[0m
[0.049s] [ 66%] [32mBuilding CXX object CMakeFiles/adis16465.dir/src/adis16465_node.cpp.o[0m
[0.139s] In file included from [01m[K/home/taka4/ros2_ws/src/adi_driver2/src/adis16465.cpp:43[m[K:
[0.139s] [01m[K/home/taka4/ros2_ws/src/adi_driver2/include/adi_driver2/adis16465.h:59:20:[m[K [01;31m[Kerror: [m[Kexpected identifier before numeric constant
[0.139s]    59 |   int update_burst([01;31m[K0[m[K);
[0.139s]       |                    [01;31m[K^[m[K
[0.140s] [01m[K/home/taka4/ros2_ws/src/adi_driver2/include/adi_driver2/adis16465.h:59:20:[m[K [01;31m[Kerror: [m[Kexpected â€˜[01m[K,[m[Kâ€™ or â€˜[01m[K...[m[Kâ€™ before numeric constant
[0.140s] [01m[K/home/taka4/ros2_ws/src/adi_driver2/src/adis16465.cpp:[m[K In member function â€˜[01m[Kint Adis16465::get_product_id(int16_t&)[m[Kâ€™:
[0.140s] [01m[K/home/taka4/ros2_ws/src/adi_driver2/src/adis16465.cpp:152:7:[m[K [01;35m[Kwarning: [m[Kunused variable â€˜[01m[Kr[m[Kâ€™ [[01;35m[K-Wunused-variable[m[K]
[0.140s]   152 |   int [01;35m[Kr[m[K;
[0.140s]       |       [01;35m[K^[m[K
[0.140s] [01m[K/home/taka4/ros2_ws/src/adi_driver2/src/adis16465.cpp:[m[K In member function â€˜[01m[Kint Adis16465::read_register(char, int16_t&)[m[Kâ€™:
[0.140s] [01m[K/home/taka4/ros2_ws/src/adi_driver2/src/adis16465.cpp:213:34:[m[K [01;35m[Kwarning: [m[Knarrowing conversion of â€˜[01m[Kaddress[m[Kâ€™ from â€˜[01m[Kchar[m[Kâ€™ to â€˜[01m[Kunsigned char[m[Kâ€™ [[01;35m[K-Wnarrowing[m[K]
[0.140s]   213 |   unsigned char buff[3] = {0x61, [01;35m[Kaddress[m[K, 0x00};
[0.141s]       |                                  [01;35m[K^~~~~~~[m[K
[0.141s] [01m[K/home/taka4/ros2_ws/src/adi_driver2/src/adis16465.cpp:[m[K At global scope:
[0.141s] [01m[K/home/taka4/ros2_ws/src/adi_driver2/src/adis16465.cpp:286:5:[m[K [01;31m[Kerror: [m[Kno declaration matches â€˜[01m[Kint Adis16465::update_burst()[m[Kâ€™
[0.141s]   286 | int [01;31m[KAdis16465[m[K::update_burst(void)
[0.141s]       |     [01;31m[K^~~~~~~~~[m[K
[0.141s] In file included from [01m[K/home/taka4/ros2_ws/src/adi_driver2/src/adis16465.cpp:43[m[K:
[0.141s] [01m[K/home/taka4/ros2_ws/src/adi_driver2/include/adi_driver2/adis16465.h:59:7:[m[K [01;36m[Knote: [m[Kcandidate is: â€˜[01m[Kint Adis16465::update_burst(int)[m[Kâ€™
[0.141s]    59 |   int [01;36m[Kupdate_burst[m[K(0);
[0.141s]       |       [01;36m[K^~~~~~~~~~~~[m[K
[0.141s] [01m[K/home/taka4/ros2_ws/src/adi_driver2/include/adi_driver2/adis16465.h:39:7:[m[K [01;36m[Knote: [m[Kâ€˜[01m[Kclass Adis16465[m[Kâ€™ defined here
[0.141s]    39 | class [01;36m[KAdis16465[m[K
[0.141s]       |       [01;36m[K^~~~~~~~~[m[K
[0.141s] [01m[K/home/taka4/ros2_ws/src/adi_driver2/src/adis16465.cpp:[m[K In member function â€˜[01m[Kint Adis16465::bias_correction_update()[m[Kâ€™:
[0.141s] [01m[K/home/taka4/ros2_ws/src/adi_driver2/src/adis16465.cpp:392:1:[m[K [01;35m[Kwarning: [m[Kno return statement in function returning non-void [[01;35m[K-Wreturn-type[m[K]
[0.142s]   392 | [01;35m[K}[m[K
[0.142s]       | [01;35m[K^[m[K
[0.154s] [01m[K/home/taka4/ros2_ws/src/adi_driver2/src/adis16465.cpp:[m[K In member function â€˜[01m[Kint Adis16465::read_register(char, int16_t&)[m[Kâ€™:
[0.154s] [01m[K/home/taka4/ros2_ws/src/adi_driver2/src/adis16465.cpp:230:8:[m[K [01;35m[Kwarning: [m[Kcontrol reaches end of non-void function [[01;35m[K-Wreturn-type[m[K]
[0.154s]   230 |   [01;35m[Kdata = big_endian_to_short(&buff[1])[m[K;
[0.154s]       |   [01;35m[K~~~~~^~~~~~~~~~~~~~~~~~~~~~~~~~~~~~~[m[K
[0.163s] make[2]: *** [CMakeFiles/adis16465.dir/build.make:63: CMakeFiles/adis16465.dir/src/adis16465.cpp.o] ã‚¨ãƒ©ãƒ¼ 1
[0.163s] make[2]: *** æœªå®Œäº†ã®ã‚¸ãƒ§ãƒ–ã‚’å¾…ã£ã¦ã„ã¾ã™....
[0.769s] In file included from [01m[K/home/taka4/ros2_ws/src/adi_driver2/include/adi_driver2/adis16465_node.hpp:39[m[K,
[0.770s]                  from [01m[K/home/taka4/ros2_ws/src/adi_driver2/src/adis16465_node.cpp:40[m[K:
[0.770s] [01m[K/home/taka4/ros2_ws/src/adi_driver2/include/adi_driver2/adis16465.h:59:20:[m[K [01;31m[Kerror: [m[Kexpected identifier before numeric constant
[0.770s]    59 |   int update_burst([01;31m[K0[m[K);
[0.770s]       |                    [01;31m[K^[m[K
[0.770s] [01m[K/home/taka4/ros2_ws/src/adi_driver2/include/adi_driver2/adis16465.h:59:20:[m[K [01;31m[Kerror: [m[Kexpected â€˜[01m[K,[m[Kâ€™ or â€˜[01m[K...[m[Kâ€™ before numeric constant
[0.788s] [01m[K/home/taka4/ros2_ws/src/adi_driver2/src/adis16465_node.cpp:[m[K In member function â€˜[01m[Kbool adi_driver2::ImuNode::open()[m[Kâ€™:
[0.788s] [01m[K/home/taka4/ros2_ws/src/adi_driver2/src/adis16465_node.cpp:110:1:[m[K [01;35m[Kwarning: [m[Kno return statement in function returning non-void [[01;35m[K-Wreturn-type[m[K]
[0.788s]   110 | [01;35m[K}[m[K
[0.788s]       | [01;35m[K^[m[K
[0.792s] [01m[K/home/taka4/ros2_ws/src/adi_driver2/src/adis16465_node.cpp:[m[K In member function â€˜[01m[Kint adi_driver2::ImuNode::publish_imu_data()[m[Kâ€™:
[0.792s] [01m[K/home/taka4/ros2_ws/src/adi_driver2/src/adis16465_node.cpp:135:1:[m[K [01;35m[Kwarning: [m[Kno return statement in function returning non-void [[01;35m[K-Wreturn-type[m[K]
[0.792s]   135 | [01;35m[K}[m[K
[0.792s]       | [01;35m[K^[m[K
[0.795s] [01m[K/home/taka4/ros2_ws/src/adi_driver2/src/adis16465_node.cpp:[m[K In member function â€˜[01m[Kint adi_driver2::ImuNode::publish_temp_data()[m[Kâ€™:
[0.796s] [01m[K/home/taka4/ros2_ws/src/adi_driver2/src/adis16465_node.cpp:146:1:[m[K [01;35m[Kwarning: [m[Kno return statement in function returning non-void [[01;35m[K-Wreturn-type[m[K]
[0.796s]   146 | [01;35m[K}[m[K
[0.796s]       | [01;35m[K^[m[K
[0.796s] [01m[K/home/taka4/ros2_ws/src/adi_driver2/src/adis16465_node.cpp:[m[K In lambda function:
[0.796s] [01m[K/home/taka4/ros2_ws/src/adi_driver2/src/adis16465_node.cpp:151:28:[m[K [01;31m[Kerror: [m[Kno matching function for call to â€˜[01m[KAdis16465::update_burst()[m[Kâ€™
[0.796s]   151 |       if (imu.update_burst([01;31m[K)[m[K == 0) {
[0.796s]       |                            [01;31m[K^[m[K
[0.796s] In file included from [01m[K/home/taka4/ros2_ws/src/adi_driver2/include/adi_driver2/adis16465_node.hpp:39[m[K,
[0.796s]                  from [01m[K/home/taka4/ros2_ws/src/adi_driver2/src/adis16465_node.cpp:40[m[K:
[0.796s] [01m[K/home/taka4/ros2_ws/src/adi_driver2/include/adi_driver2/adis16465.h:59:7:[m[K [01;36m[Knote: [m[Kcandidate: â€˜[01m[Kint Adis16465::update_burst(int)[m[Kâ€™
[0.797s]    59 |   int [01;36m[Kupdate_burst[m[K(0);
[0.797s]       |       [01;36m[K^~~~~~~~~~~~[m[K
[0.797s] [01m[K/home/taka4/ros2_ws/src/adi_driver2/include/adi_driver2/adis16465.h:59:7:[m[K [01;36m[Knote: [m[K  candidate expects 1 argument, 0 provided
[0.797s] In file included from [01m[K/opt/ros/foxy/include/rclcpp/client.hpp:40[m[K,
[0.797s]                  from [01m[K/opt/ros/foxy/include/rclcpp/callback_group.hpp:23[m[K,
[0.797s]                  from [01m[K/opt/ros/foxy/include/rclcpp/any_executable.hpp:20[m[K,
[0.797s]                  from [01m[K/opt/ros/foxy/include/rclcpp/memory_strategy.hpp:24[m[K,
[0.797s]                  from [01m[K/opt/ros/foxy/include/rclcpp/memory_strategies.hpp:18[m[K,
[0.797s]                  from [01m[K/opt/ros/foxy/include/rclcpp/executor_options.hpp:20[m[K,
[0.797s]                  from [01m[K/opt/ros/foxy/include/rclcpp/executor.hpp:33[m[K,
[0.797s]                  from [01m[K/opt/ros/foxy/include/rclcpp/executors/multi_threaded_executor.hpp:26[m[K,
[0.797s]                  from [01m[K/opt/ros/foxy/include/rclcpp/executors.hpp:21[m[K,
[0.797s]                  from [01m[K/opt/ros/foxy/include/rclcpp/rclcpp.hpp:146[m[K,
[0.797s]                  from [01m[K/home/taka4/ros2_ws/src/adi_driver2/include/adi_driver2/adis16465_node.hpp:33[m[K,
[0.797s]                  from [01m[K/home/taka4/ros2_ws/src/adi_driver2/src/adis16465_node.cpp:40[m[K:
[0.798s] [01m[K/home/taka4/ros2_ws/src/adi_driver2/src/adis16465_node.cpp:155:84:[m[K [01;31m[Kerror: [m[Kno matching function for call to â€˜[01m[KAdis16465::update_burst()[m[Kâ€™
[0.798s]   155 |         RCLCPP_ERROR(this->get_logger(), "update_burst_hoge: %d", imu.update_burst([01;31m[K)[m[K);
[0.798s]       |                                                                                    [01;31m[K^[m[K
[0.798s] In file included from [01m[K/home/taka4/ros2_ws/src/adi_driver2/include/adi_driver2/adis16465_node.hpp:39[m[K,
[0.798s]                  from [01m[K/home/taka4/ros2_ws/src/adi_driver2/src/adis16465_node.cpp:40[m[K:
[0.798s] [01m[K/home/taka4/ros2_ws/src/adi_driver2/include/adi_driver2/adis16465.h:59:7:[m[K [01;36m[Knote: [m[Kcandidate: â€˜[01m[Kint Adis16465::update_burst(int)[m[Kâ€™
[0.798s]    59 |   int [01;36m[Kupdate_burst[m[K(0);
[0.798s]       |       [01;36m[K^~~~~~~~~~~~[m[K
[0.798s] [01m[K/home/taka4/ros2_ws/src/adi_driver2/include/adi_driver2/adis16465.h:59:7:[m[K [01;36m[Knote: [m[K  candidate expects 1 argument, 0 provided
[0.798s] [01m[K/home/taka4/ros2_ws/src/adi_driver2/src/adis16465_node.cpp:165:28:[m[K [01;31m[Kerror: [m[Kno matching function for call to â€˜[01m[KAdis16465::update_burst()[m[Kâ€™
[0.798s]   165 |       if (imu.update_burst([01;31m[K)[m[K == 0) {
[0.798s]       |                            [01;31m[K^[m[K
[0.798s] In file included from [01m[K/home/taka4/ros2_ws/src/adi_driver2/include/adi_driver2/adis16465_node.hpp:39[m[K,
[0.798s]                  from [01m[K/home/taka4/ros2_ws/src/adi_driver2/src/adis16465_node.cpp:40[m[K:
[0.799s] [01m[K/home/taka4/ros2_ws/src/adi_driver2/include/adi_driver2/adis16465.h:59:7:[m[K [01;36m[Knote: [m[Kcandidate: â€˜[01m[Kint Adis16465::update_burst(int)[m[Kâ€™
[0.799s]    59 |   int [01;36m[Kupdate_burst[m[K(0);
[0.799s]       |       [01;36m[K^~~~~~~~~~~~[m[K
[0.799s] [01m[K/home/taka4/ros2_ws/src/adi_driver2/include/adi_driver2/adis16465.h:59:7:[m[K [01;36m[Knote: [m[K  candidate expects 1 argument, 0 provided
[1.389s] make[2]: *** [CMakeFiles/adis16465.dir/build.make:76: CMakeFiles/adis16465.dir/src/adis16465_node.cpp.o] ã‚¨ãƒ©ãƒ¼ 1
[1.389s] make[1]: *** [CMakeFiles/Makefile2:78: CMakeFiles/adis16465.dir/all] ã‚¨ãƒ©ãƒ¼ 2
[1.389s] make: *** [Makefile:141: all] ã‚¨ãƒ©ãƒ¼ 2
[1.391s] Invoked command in '/home/taka4/ros2_ws/src/adi_driver2/build/adi_driver2' returned '2': CMAKE_PREFIX_PATH=${CMAKE_PREFIX_PATH}:/opt/ros/foxy /usr/bin/cmake --build /home/taka4/ros2_ws/src/adi_driver2/build/adi_driver2 -- -j16 -l16
