[0.009s] Invoking command in '/home/y-takahashi/ros2_ws/src/adi_driver2/build/adi_driver2': CMAKE_PREFIX_PATH=/opt/ros/foxy /usr/bin/cmake --build /home/y-takahashi/ros2_ws/src/adi_driver2/build/adi_driver2 -- -j12 -l12
[0.037s] [35m[1mScanning dependencies of target adis16465[0m
[0.053s] [ 33%] [32mBuilding CXX object CMakeFiles/adis16465.dir/src/adis16465_node.cpp.o[0m
[0.820s] [01m[K/home/y-takahashi/ros2_ws/src/adi_driver2/src/adis16465_node.cpp:[m[K In member function â€˜[01m[Kbool adi_driver2::ImuNode::open()[m[Kâ€™:
[0.820s] [01m[K/home/y-takahashi/ros2_ws/src/adi_driver2/src/adis16465_node.cpp:97:3:[m[K [01;31m[Kerror: [m[Kâ€˜[01m[Ksleep[m[Kâ€™ was not declared in this scope
[0.820s]    97 |   [01;31m[Ksleep[m[K(10000);
[0.820s]       |   [01;31m[K^~~~~[m[K
[0.820s] [01m[K/home/y-takahashi/ros2_ws/src/adi_driver2/src/adis16465_node.cpp:102:1:[m[K [01;35m[Kwarning: [m[Kno return statement in function returning non-void [[01;35m[K-Wreturn-type[m[K]
[0.820s]   102 | [01;35m[K}[m[K
[0.820s]       | [01;35m[K^[m[K
[0.824s] [01m[K/home/y-takahashi/ros2_ws/src/adi_driver2/src/adis16465_node.cpp:[m[K In member function â€˜[01m[Kint adi_driver2::ImuNode::publish_imu_data()[m[Kâ€™:
[0.824s] [01m[K/home/y-takahashi/ros2_ws/src/adi_driver2/src/adis16465_node.cpp:126:1:[m[K [01;35m[Kwarning: [m[Kno return statement in function returning non-void [[01;35m[K-Wreturn-type[m[K]
[0.824s]   126 | [01;35m[K}[m[K
[0.824s]       | [01;35m[K^[m[K
[0.828s] [01m[K/home/y-takahashi/ros2_ws/src/adi_driver2/src/adis16465_node.cpp:[m[K In member function â€˜[01m[Kint adi_driver2::ImuNode::publish_temp_data()[m[Kâ€™:
[0.828s] [01m[K/home/y-takahashi/ros2_ws/src/adi_driver2/src/adis16465_node.cpp:137:1:[m[K [01;35m[Kwarning: [m[Kno return statement in function returning non-void [[01;35m[K-Wreturn-type[m[K]
[0.828s]   137 | [01;35m[K}[m[K
[0.828s]       | [01;35m[K^[m[K
[1.424s] make[2]: *** [CMakeFiles/adis16465.dir/build.make:76: CMakeFiles/adis16465.dir/src/adis16465_node.cpp.o] ã‚¨ãƒ©ãƒ¼ 1
[1.424s] make[1]: *** [CMakeFiles/Makefile2:78: CMakeFiles/adis16465.dir/all] ã‚¨ãƒ©ãƒ¼ 2
[1.424s] make: *** [Makefile:141: all] ã‚¨ãƒ©ãƒ¼ 2
[1.425s] Invoked command in '/home/y-takahashi/ros2_ws/src/adi_driver2/build/adi_driver2' returned '2': CMAKE_PREFIX_PATH=/opt/ros/foxy /usr/bin/cmake --build /home/y-takahashi/ros2_ws/src/adi_driver2/build/adi_driver2 -- -j12 -l12
