[0.011s] Invoking command in '/home/taka4/ros2_ws/src/adi_driver2/build/adi_driver2': CMAKE_PREFIX_PATH=${CMAKE_PREFIX_PATH}:/opt/ros/foxy /usr/bin/cmake --build /home/taka4/ros2_ws/src/adi_driver2/build/adi_driver2 -- -j16 -l16
[0.037s] [35m[1mScanning dependencies of target adis16465[0m
[0.052s] [ 33%] [32mBuilding CXX object CMakeFiles/adis16465.dir/src/adis16465_node.cpp.o[0m
[0.775s] [01m[K/home/taka4/ros2_ws/src/adi_driver2/src/adis16465_node.cpp:[m[K In constructor â€˜[01m[Kadi_driver2::ImuNode::ImuNode()[m[Kâ€™:
[0.775s] [01m[K/home/taka4/ros2_ws/src/adi_driver2/src/adis16465_node.cpp:47:22:[m[K [01;31m[Kerror: [m[Kclass â€˜[01m[Kadi_driver2::ImuNode[m[Kâ€™ does not have any field named â€˜[01m[KnodeNode[m[Kâ€™
[0.775s]    47 | ImuNode::ImuNode() : [01;31m[KnodeNode[m[K("adis16465_node") {
[0.775s]       |                      [01;31m[K^~~~~~~~[m[K
[0.775s] [01m[K/home/taka4/ros2_ws/src/adi_driver2/src/adis16465_node.cpp:47:47:[m[K [01;31m[Kerror: [m[Kno matching function for call to â€˜[01m[Krclcpp::Node::Node()[m[Kâ€™
[0.775s]    47 | ImuNode::ImuNode() : nodeNode("adis16465_node"[01;31m[K)[m[K {
[0.775s]       |                                               [01;31m[K^[m[K
[0.775s] In file included from [01m[K/opt/ros/foxy/include/rclcpp/executors/single_threaded_executor.hpp:28[m[K,
[0.775s]                  from [01m[K/opt/ros/foxy/include/rclcpp/executors.hpp:22[m[K,
[0.776s]                  from [01m[K/opt/ros/foxy/include/rclcpp/rclcpp.hpp:146[m[K,
[0.776s]                  from [01m[K/home/taka4/ros2_ws/src/adi_driver2/include/adi_driver2/adis16465_node.hpp:33[m[K,
[0.776s]                  from [01m[K/home/taka4/ros2_ws/src/adi_driver2/src/adis16465_node.cpp:40[m[K:
[0.776s] [01m[K/opt/ros/foxy/include/rclcpp/node.hpp:1193:3:[m[K [01;36m[Knote: [m[Kcandidate: â€˜[01m[Krclcpp::Node::Node(const rclcpp::Node&, const string&)[m[Kâ€™
[0.776s]  1193 |   [01;36m[KNode[m[K(
[0.776s]       |   [01;36m[K^~~~[m[K
[0.776s] [01m[K/opt/ros/foxy/include/rclcpp/node.hpp:1193:3:[m[K [01;36m[Knote: [m[K  candidate expects 2 arguments, 0 provided
[0.776s] [01m[K/opt/ros/foxy/include/rclcpp/node.hpp:98:12:[m[K [01;36m[Knote: [m[Kcandidate: â€˜[01m[Krclcpp::Node::Node(const string&, const string&, const rclcpp::NodeOptions&)[m[Kâ€™
[0.776s]    98 |   explicit [01;36m[KNode[m[K(
[0.776s]       |            [01;36m[K^~~~[m[K
[0.776s] [01m[K/opt/ros/foxy/include/rclcpp/node.hpp:98:12:[m[K [01;36m[Knote: [m[K  candidate expects 3 arguments, 0 provided
[0.776s] [01m[K/opt/ros/foxy/include/rclcpp/node.hpp:86:12:[m[K [01;36m[Knote: [m[Kcandidate: â€˜[01m[Krclcpp::Node::Node(const string&, const rclcpp::NodeOptions&)[m[Kâ€™
[0.776s]    86 |   explicit [01;36m[KNode[m[K(
[0.777s]       |            [01;36m[K^~~~[m[K
[0.777s] [01m[K/opt/ros/foxy/include/rclcpp/node.hpp:86:12:[m[K [01;36m[Knote: [m[K  candidate expects 2 arguments, 0 provided
[0.784s] [01m[K/home/taka4/ros2_ws/src/adi_driver2/src/adis16465_node.cpp:[m[K In member function â€˜[01m[Kbool adi_driver2::ImuNode::open()[m[Kâ€™:
[0.784s] [01m[K/home/taka4/ros2_ws/src/adi_driver2/src/adis16465_node.cpp:109:1:[m[K [01;35m[Kwarning: [m[Kno return statement in function returning non-void [[01;35m[K-Wreturn-type[m[K]
[0.784s]   109 | [01;35m[K}[m[K
[0.784s]       | [01;35m[K^[m[K
[0.788s] [01m[K/home/taka4/ros2_ws/src/adi_driver2/src/adis16465_node.cpp:[m[K In member function â€˜[01m[Kint adi_driver2::ImuNode::publish_imu_data()[m[Kâ€™:
[0.788s] [01m[K/home/taka4/ros2_ws/src/adi_driver2/src/adis16465_node.cpp:134:1:[m[K [01;35m[Kwarning: [m[Kno return statement in function returning non-void [[01;35m[K-Wreturn-type[m[K]
[0.788s]   134 | [01;35m[K}[m[K
[0.788s]       | [01;35m[K^[m[K
[0.792s] [01m[K/home/taka4/ros2_ws/src/adi_driver2/src/adis16465_node.cpp:[m[K In member function â€˜[01m[Kint adi_driver2::ImuNode::publish_temp_data()[m[Kâ€™:
[0.792s] [01m[K/home/taka4/ros2_ws/src/adi_driver2/src/adis16465_node.cpp:145:1:[m[K [01;35m[Kwarning: [m[Kno return statement in function returning non-void [[01;35m[K-Wreturn-type[m[K]
[0.792s]   145 | [01;35m[K}[m[K
[0.792s]       | [01;35m[K^[m[K
[0.798s] [01m[K/home/taka4/ros2_ws/src/adi_driver2/src/adis16465_node.cpp:[m[K In function â€˜[01m[Kint main(int, char**)[m[Kâ€™:
[0.798s] [01m[K/home/taka4/ros2_ws/src/adi_driver2/src/adis16465_node.cpp:188:32:[m[K [01;31m[Kerror: [m[Kâ€˜[01m[KImuNode[m[Kâ€™ was not declared in this scope; did you mean â€˜[01m[Kadi_driver2::ImuNode[m[Kâ€™?
[0.798s]   188 |   auto node = std::make_shared<[01;31m[KImuNode[m[K>("adis16465_node");
[0.799s]       |                                [01;31m[K^~~~~~~[m[K
[0.799s]       |                                [32m[Kadi_driver2::ImuNode[m[K
[0.799s] In file included from [01m[K/home/taka4/ros2_ws/src/adi_driver2/src/adis16465_node.cpp:40[m[K:
[0.799s] [01m[K/home/taka4/ros2_ws/src/adi_driver2/include/adi_driver2/adis16465_node.hpp:42:7:[m[K [01;36m[Knote: [m[Kâ€˜[01m[Kadi_driver2::ImuNode[m[Kâ€™ declared here
[0.799s]    42 | class [01;36m[KImuNode[m[K : public rclcpp::Node {
[0.799s]       |       [01;36m[K^~~~~~~[m[K
[0.799s] [01m[K/home/taka4/ros2_ws/src/adi_driver2/src/adis16465_node.cpp:188:57:[m[K [01;31m[Kerror: [m[Kno matching function for call to â€˜[01m[Kmake_shared<<expression error> >(const char [15])[m[Kâ€™
[0.799s]   188 |   auto node = std::make_shared<ImuNode>("adis16465_node"[01;31m[K)[m[K;
[0.799s]       |                                                         [01;31m[K^[m[K
[0.799s] In file included from [01m[K/usr/include/c++/9/memory:81[m[K,
[0.799s]                  from [01m[K/opt/ros/foxy/include/rclcpp/rclcpp.hpp:144[m[K,
[0.799s]                  from [01m[K/home/taka4/ros2_ws/src/adi_driver2/include/adi_driver2/adis16465_node.hpp:33[m[K,
[0.799s]                  from [01m[K/home/taka4/ros2_ws/src/adi_driver2/src/adis16465_node.cpp:40[m[K:
[0.799s] [01m[K/usr/include/c++/9/bits/shared_ptr.h:714:5:[m[K [01;36m[Knote: [m[Kcandidate: â€˜[01m[Ktemplate<class _Tp, class ... _Args> std::shared_ptr<_Tp> std::make_shared(_Args&& ...)[m[Kâ€™
[0.800s]   714 |     [01;36m[Kmake_shared[m[K(_Args&&... __args)
[0.800s]       |     [01;36m[K^~~~~~~~~~~[m[K
[0.800s] [01m[K/usr/include/c++/9/bits/shared_ptr.h:714:5:[m[K [01;36m[Knote: [m[K  template argument deduction/substitution failed:
[0.800s] [01m[K/home/taka4/ros2_ws/src/adi_driver2/src/adis16465_node.cpp:188:57:[m[K [01;31m[Kerror: [m[Ktemplate argument 1 is invalid
[0.800s]   188 |   auto node = std::make_shared<ImuNode>("adis16465_node"[01;31m[K)[m[K;
[0.800s]       |                                                         [01;31m[K^[m[K
[0.801s] In file included from [01m[K/opt/ros/foxy/include/rclcpp/service.hpp:34[m[K,
[0.801s]                  from [01m[K/opt/ros/foxy/include/rclcpp/callback_group.hpp:25[m[K,
[0.801s]                  from [01m[K/opt/ros/foxy/include/rclcpp/any_executable.hpp:20[m[K,
[0.801s]                  from [01m[K/opt/ros/foxy/include/rclcpp/memory_strategy.hpp:24[m[K,
[0.801s]                  from [01m[K/opt/ros/foxy/include/rclcpp/memory_strategies.hpp:18[m[K,
[0.801s]                  from [01m[K/opt/ros/foxy/include/rclcpp/executor_options.hpp:20[m[K,
[0.801s]                  from [01m[K/opt/ros/foxy/include/rclcpp/executor.hpp:33[m[K,
[0.801s]                  from [01m[K/opt/ros/foxy/include/rclcpp/executors/multi_threaded_executor.hpp:26[m[K,
[0.801s]                  from [01m[K/opt/ros/foxy/include/rclcpp/executors.hpp:21[m[K,
[0.802s]                  from [01m[K/opt/ros/foxy/include/rclcpp/rclcpp.hpp:146[m[K,
[0.802s]                  from [01m[K/home/taka4/ros2_ws/src/adi_driver2/include/adi_driver2/adis16465_node.hpp:33[m[K,
[0.802s]                  from [01m[K/home/taka4/ros2_ws/src/adi_driver2/src/adis16465_node.cpp:40[m[K:
[0.802s] [01m[K/home/taka4/ros2_ws/src/adi_driver2/src/adis16465_node.cpp:197:17:[m[K [01;31m[Kerror: [m[Kinvalid use of â€˜[01m[Kthis[m[Kâ€™ in non-member function
[0.802s]   197 |     RCLCPP_INFO([01;31m[Kthis[m[K->get_logger(), "aaaaaaa");
[0.802s]       |                 [01;31m[K^~~~[m[K
[0.802s] [01m[K/home/taka4/ros2_ws/src/adi_driver2/src/adis16465_node.cpp:197:17:[m[K [01;31m[Kerror: [m[Kinvalid use of â€˜[01m[Kthis[m[Kâ€™ in non-member function
[0.802s] [01m[K/home/taka4/ros2_ws/src/adi_driver2/src/adis16465_node.cpp:197:5:[m[K [01;31m[Kerror: [m[Ktemplate argument 1 is invalid
[0.802s]   197 |     [01;31m[KRCLCPP_INFO[m[K(this->get_logger(), "aaaaaaa");
[0.802s]       |     [01;31m[K^~~~~~~~~~~[m[K
[0.802s] [01m[K/home/taka4/ros2_ws/src/adi_driver2/src/adis16465_node.cpp:197:5:[m[K [01;31m[Kerror: [m[Ktemplate argument 1 is invalid
[0.802s]   197 |     [01;31m[KRCLCPP_INFO[m[K(this->get_logger(), "aaaaaaa");
[0.802s]       |     [01;31m[K^~~~~~~~~~~[m[K
[0.803s] [01m[K/home/taka4/ros2_ws/src/adi_driver2/src/adis16465_node.cpp:197:5:[m[K [01;31m[Kerror: [m[Ktemplate argument 1 is invalid
[0.803s]   197 |     [01;31m[KRCLCPP_INFO[m[K(this->get_logger(), "aaaaaaa");
[0.803s]       |     [01;31m[K^~~~~~~~~~~[m[K
[0.803s] In file included from [01m[K/opt/ros/foxy/include/rclcpp/client.hpp:40[m[K,
[0.803s]                  from [01m[K/opt/ros/foxy/include/rclcpp/callback_group.hpp:23[m[K,
[0.803s]                  from [01m[K/opt/ros/foxy/include/rclcpp/any_executable.hpp:20[m[K,
[0.803s]                  from [01m[K/opt/ros/foxy/include/rclcpp/memory_strategy.hpp:24[m[K,
[0.803s]                  from [01m[K/opt/ros/foxy/include/rclcpp/memory_strategies.hpp:18[m[K,
[0.803s]                  from [01m[K/opt/ros/foxy/include/rclcpp/executor_options.hpp:20[m[K,
[0.803s]                  from [01m[K/opt/ros/foxy/include/rclcpp/executor.hpp:33[m[K,
[0.803s]                  from [01m[K/opt/ros/foxy/include/rclcpp/executors/multi_threaded_executor.hpp:26[m[K,
[0.803s]                  from [01m[K/opt/ros/foxy/include/rclcpp/executors.hpp:21[m[K,
[0.803s]                  from [01m[K/opt/ros/foxy/include/rclcpp/rclcpp.hpp:146[m[K,
[0.803s]                  from [01m[K/home/taka4/ros2_ws/src/adi_driver2/include/adi_driver2/adis16465_node.hpp:33[m[K,
[0.804s]                  from [01m[K/home/taka4/ros2_ws/src/adi_driver2/src/adis16465_node.cpp:40[m[K:
[0.804s] [01m[K/home/taka4/ros2_ws/src/adi_driver2/src/adis16465_node.cpp:197:17:[m[K [01;31m[Kerror: [m[Kinvalid use of â€˜[01m[Kthis[m[Kâ€™ in non-member function
[0.804s]   197 |     RCLCPP_INFO([01;31m[Kthis[m[K->get_logger(), "aaaaaaa");
[0.804s]       |                 [01;31m[K^~~~[m[K
[0.804s] [01m[K/home/taka4/ros2_ws/src/adi_driver2/src/adis16465_node.cpp:197:17:[m[K [01;31m[Kerror: [m[Kinvalid use of â€˜[01m[Kthis[m[Kâ€™ in non-member function
[0.804s]   197 |     RCLCPP_INFO([01;31m[Kthis[m[K->get_logger(), "aaaaaaa");
[0.804s]       |                 [01;31m[K^~~~[m[K
[1.381s] make[2]: *** [CMakeFiles/adis16465.dir/build.make:76: CMakeFiles/adis16465.dir/src/adis16465_node.cpp.o] ã‚¨ãƒ©ãƒ¼ 1
[1.381s] make[1]: *** [CMakeFiles/Makefile2:78: CMakeFiles/adis16465.dir/all] ã‚¨ãƒ©ãƒ¼ 2
[1.381s] make: *** [Makefile:141: all] ã‚¨ãƒ©ãƒ¼ 2
[1.384s] Invoked command in '/home/taka4/ros2_ws/src/adi_driver2/build/adi_driver2' returned '2': CMAKE_PREFIX_PATH=${CMAKE_PREFIX_PATH}:/opt/ros/foxy /usr/bin/cmake --build /home/taka4/ros2_ws/src/adi_driver2/build/adi_driver2 -- -j16 -l16
