[0.011s] Invoking command in '/home/taka4/ros2_ws/src/adi_driver2/build/adi_driver2': CMAKE_PREFIX_PATH=${CMAKE_PREFIX_PATH}:/opt/ros/foxy /usr/bin/cmake --build /home/taka4/ros2_ws/src/adi_driver2/build/adi_driver2 -- -j16 -l16
[0.038s] [35m[1mScanning dependencies of target adis16465[0m
[0.054s] [ 33%] [32mBuilding CXX object CMakeFiles/adis16465.dir/src/adis16465_node.cpp.o[0m
[0.797s] [01m[K/home/taka4/ros2_ws/src/adi_driver2/src/adis16465_node.cpp:[m[K In constructor â€˜[01m[Kadi_driver2::ImuNode::ImuNode()[m[Kâ€™:
[0.797s] [01m[K/home/taka4/ros2_ws/src/adi_driver2/src/adis16465_node.cpp:57:3:[m[K [01;31m[Kerror: [m[Kâ€˜[01m[Kburst_read_[m[Kâ€™ was not declared in this scope
[0.797s]    57 |   [01;31m[Kburst_read_[m[K = get_parameter("burst_read").as_bool();
[0.797s]       |   [01;31m[K^~~~~~~~~~~[m[K
[0.800s] [01m[K/home/taka4/ros2_ws/src/adi_driver2/src/adis16465_node.cpp:[m[K In member function â€˜[01m[Kbool adi_driver2::ImuNode::open()[m[Kâ€™:
[0.801s] [01m[K/home/taka4/ros2_ws/src/adi_driver2/src/adis16465_node.cpp:104:1:[m[K [01;35m[Kwarning: [m[Kno return statement in function returning non-void [[01;35m[K-Wreturn-type[m[K]
[0.801s]   104 | [01;35m[K}[m[K
[0.801s]       | [01;35m[K^[m[K
[0.805s] [01m[K/home/taka4/ros2_ws/src/adi_driver2/src/adis16465_node.cpp:[m[K In member function â€˜[01m[Kint adi_driver2::ImuNode::publish_imu_data()[m[Kâ€™:
[0.805s] [01m[K/home/taka4/ros2_ws/src/adi_driver2/src/adis16465_node.cpp:129:1:[m[K [01;35m[Kwarning: [m[Kno return statement in function returning non-void [[01;35m[K-Wreturn-type[m[K]
[0.805s]   129 | [01;35m[K}[m[K
[0.805s]       | [01;35m[K^[m[K
[0.809s] [01m[K/home/taka4/ros2_ws/src/adi_driver2/src/adis16465_node.cpp:[m[K In member function â€˜[01m[Kint adi_driver2::ImuNode::publish_temp_data()[m[Kâ€™:
[0.809s] [01m[K/home/taka4/ros2_ws/src/adi_driver2/src/adis16465_node.cpp:140:1:[m[K [01;35m[Kwarning: [m[Kno return statement in function returning non-void [[01;35m[K-Wreturn-type[m[K]
[0.809s]   140 | [01;35m[K}[m[K
[0.809s]       | [01;35m[K^[m[K
[0.811s] [01m[K/home/taka4/ros2_ws/src/adi_driver2/src/adis16465_node.cpp:[m[K In lambda function:
[0.811s] [01m[K/home/taka4/ros2_ws/src/adi_driver2/src/adis16465_node.cpp:143:9:[m[K [01;31m[Kerror: [m[Kâ€˜[01m[Kburst_read_[m[Kâ€™ was not declared in this scope
[0.811s]   143 |     if ([01;31m[Kburst_read_[m[K) {
[0.812s]       |         [01;31m[K^~~~~~~~~~~[m[K
[1.399s] make[2]: *** [CMakeFiles/adis16465.dir/build.make:76: CMakeFiles/adis16465.dir/src/adis16465_node.cpp.o] ã‚¨ãƒ©ãƒ¼ 1
[1.399s] make[1]: *** [CMakeFiles/Makefile2:78: CMakeFiles/adis16465.dir/all] ã‚¨ãƒ©ãƒ¼ 2
[1.399s] make: *** [Makefile:141: all] ã‚¨ãƒ©ãƒ¼ 2
[1.403s] Invoked command in '/home/taka4/ros2_ws/src/adi_driver2/build/adi_driver2' returned '2': CMAKE_PREFIX_PATH=${CMAKE_PREFIX_PATH}:/opt/ros/foxy /usr/bin/cmake --build /home/taka4/ros2_ws/src/adi_driver2/build/adi_driver2 -- -j16 -l16
