[0.010s] Invoking command in '/home/taka4/ros2_ws/src/adi_driver2/build/adi_driver2': CMAKE_PREFIX_PATH=${CMAKE_PREFIX_PATH}:/opt/ros/foxy /usr/bin/cmake --build /home/taka4/ros2_ws/src/adi_driver2/build/adi_driver2 -- -j16 -l16
[0.040s] [35m[1mScanning dependencies of target adis16465[0m
[0.055s] [ 33%] [32mBuilding CXX object CMakeFiles/adis16465.dir/src/adis16465_node.cpp.o[0m
[0.797s] [01m[K/home/taka4/ros2_ws/src/adi_driver2/src/adis16465_node.cpp:[m[K In member function â€˜[01m[Kbool adi_driver2::ImuNode::open()[m[Kâ€™:
[0.797s] [01m[K/home/taka4/ros2_ws/src/adi_driver2/src/adis16465_node.cpp:104:1:[m[K [01;35m[Kwarning: [m[Kno return statement in function returning non-void [[01;35m[K-Wreturn-type[m[K]
[0.797s]   104 | [01;35m[K}[m[K
[0.797s]       | [01;35m[K^[m[K
[0.801s] [01m[K/home/taka4/ros2_ws/src/adi_driver2/src/adis16465_node.cpp:[m[K In member function â€˜[01m[Kint adi_driver2::ImuNode::publish_imu_data()[m[Kâ€™:
[0.801s] [01m[K/home/taka4/ros2_ws/src/adi_driver2/src/adis16465_node.cpp:129:1:[m[K [01;35m[Kwarning: [m[Kno return statement in function returning non-void [[01;35m[K-Wreturn-type[m[K]
[0.801s]   129 | [01;35m[K}[m[K
[0.802s]       | [01;35m[K^[m[K
[0.805s] [01m[K/home/taka4/ros2_ws/src/adi_driver2/src/adis16465_node.cpp:[m[K In member function â€˜[01m[Kint adi_driver2::ImuNode::publish_temp_data()[m[Kâ€™:
[0.805s] [01m[K/home/taka4/ros2_ws/src/adi_driver2/src/adis16465_node.cpp:140:1:[m[K [01;35m[Kwarning: [m[Kno return statement in function returning non-void [[01;35m[K-Wreturn-type[m[K]
[0.806s]   140 | [01;35m[K}[m[K
[0.806s]       | [01;35m[K^[m[K
[0.812s] [01m[K/home/taka4/ros2_ws/src/adi_driver2/src/adis16465_node.cpp:[m[K In function â€˜[01m[Kint main(int, char**)[m[Kâ€™:
[0.812s] [01m[K/home/taka4/ros2_ws/src/adi_driver2/src/adis16465_node.cpp:183:36:[m[K [01;31m[Kerror: [m[Kâ€˜[01m[KImuNodeRcvCsv[m[Kâ€™ was not declared in this scope
[0.812s]   183 |   auto imu_node = std::make_shared<[01;31m[KImuNodeRcvCsv[m[K>(options);
[0.812s]       |                                    [01;31m[K^~~~~~~~~~~~~[m[K
[0.812s] [01m[K/home/taka4/ros2_ws/src/adi_driver2/src/adis16465_node.cpp:183:58:[m[K [01;31m[Kerror: [m[Kno matching function for call to â€˜[01m[Kmake_shared<<expression error> >(rclcpp::NodeOptions&)[m[Kâ€™
[0.812s]   183 |   auto imu_node = std::make_shared<ImuNodeRcvCsv>(options[01;31m[K)[m[K;
[0.812s]       |                                                          [01;31m[K^[m[K
[0.812s] In file included from [01m[K/usr/include/c++/9/memory:81[m[K,
[0.812s]                  from [01m[K/opt/ros/foxy/include/rclcpp/rclcpp.hpp:144[m[K,
[0.812s]                  from [01m[K/home/taka4/ros2_ws/src/adi_driver2/include/adi_driver2/adis16465_node.hpp:33[m[K,
[0.812s]                  from [01m[K/home/taka4/ros2_ws/src/adi_driver2/src/adis16465_node.cpp:40[m[K:
[0.812s] [01m[K/usr/include/c++/9/bits/shared_ptr.h:714:5:[m[K [01;36m[Knote: [m[Kcandidate: â€˜[01m[Ktemplate<class _Tp, class ... _Args> std::shared_ptr<_Tp> std::make_shared(_Args&& ...)[m[Kâ€™
[0.812s]   714 |     [01;36m[Kmake_shared[m[K(_Args&&... __args)
[0.813s]       |     [01;36m[K^~~~~~~~~~~[m[K
[0.813s] [01m[K/usr/include/c++/9/bits/shared_ptr.h:714:5:[m[K [01;36m[Knote: [m[K  template argument deduction/substitution failed:
[0.813s] [01m[K/home/taka4/ros2_ws/src/adi_driver2/src/adis16465_node.cpp:183:58:[m[K [01;31m[Kerror: [m[Ktemplate argument 1 is invalid
[0.813s]   183 |   auto imu_node = std::make_shared<ImuNodeRcvCsv>(options[01;31m[K)[m[K;
[0.813s]       |                                                          [01;31m[K^[m[K
[1.399s] make[2]: *** [CMakeFiles/adis16465.dir/build.make:76: CMakeFiles/adis16465.dir/src/adis16465_node.cpp.o] ã‚¨ãƒ©ãƒ¼ 1
[1.399s] make[1]: *** [CMakeFiles/Makefile2:78: CMakeFiles/adis16465.dir/all] ã‚¨ãƒ©ãƒ¼ 2
[1.399s] make: *** [Makefile:141: all] ã‚¨ãƒ©ãƒ¼ 2
[1.402s] Invoked command in '/home/taka4/ros2_ws/src/adi_driver2/build/adi_driver2' returned '2': CMAKE_PREFIX_PATH=${CMAKE_PREFIX_PATH}:/opt/ros/foxy /usr/bin/cmake --build /home/taka4/ros2_ws/src/adi_driver2/build/adi_driver2 -- -j16 -l16
