[0.011s] Invoking command in '/home/taka4/ros2_ws/src/adi_driver2/build/adi_driver2': CMAKE_PREFIX_PATH=${CMAKE_PREFIX_PATH}:/opt/ros/foxy /usr/bin/cmake --build /home/taka4/ros2_ws/src/adi_driver2/build/adi_driver2 -- -j16 -l16
[0.038s] [35m[1mScanning dependencies of target adis16465[0m
[0.055s] [ 33%] [32mBuilding CXX object CMakeFiles/adis16465.dir/src/adis16465_node.cpp.o[0m
[0.805s] [01m[K/home/taka4/ros2_ws/src/adi_driver2/src/adis16465_node.cpp:[m[K In member function â€˜[01m[Kbool adi_driver2::ImuNode::open()[m[Kâ€™:
[0.805s] [01m[K/home/taka4/ros2_ws/src/adi_driver2/src/adis16465_node.cpp:109:1:[m[K [01;35m[Kwarning: [m[Kno return statement in function returning non-void [[01;35m[K-Wreturn-type[m[K]
[0.805s]   109 | [01;35m[K}[m[K
[0.805s]       | [01;35m[K^[m[K
[0.809s] [01m[K/home/taka4/ros2_ws/src/adi_driver2/src/adis16465_node.cpp:[m[K In member function â€˜[01m[Kint adi_driver2::ImuNode::publish_imu_data()[m[Kâ€™:
[0.809s] [01m[K/home/taka4/ros2_ws/src/adi_driver2/src/adis16465_node.cpp:134:1:[m[K [01;35m[Kwarning: [m[Kno return statement in function returning non-void [[01;35m[K-Wreturn-type[m[K]
[0.809s]   134 | [01;35m[K}[m[K
[0.809s]       | [01;35m[K^[m[K
[0.813s] [01m[K/home/taka4/ros2_ws/src/adi_driver2/src/adis16465_node.cpp:[m[K In member function â€˜[01m[Kint adi_driver2::ImuNode::publish_temp_data()[m[Kâ€™:
[0.813s] [01m[K/home/taka4/ros2_ws/src/adi_driver2/src/adis16465_node.cpp:146:1:[m[K [01;35m[Kwarning: [m[Kno return statement in function returning non-void [[01;35m[K-Wreturn-type[m[K]
[0.813s]   146 | [01;35m[K}[m[K
[0.813s]       | [01;35m[K^[m[K
[0.822s] [01m[K/home/taka4/ros2_ws/src/adi_driver2/src/adis16465_node.cpp:[m[K In function â€˜[01m[Kint main(int, char**)[m[Kâ€™:
[0.822s] [01m[K/home/taka4/ros2_ws/src/adi_driver2/src/adis16465_node.cpp:214:3:[m[K [01;31m[Kerror: [m[Kâ€˜[01m[KImuNode[m[Kâ€™ has not been declared
[0.822s]   214 |   [01;31m[KImuNode[m[K::loop_timer_ = rclcpp::create_wall_timer(1s, [this](){
[0.822s]       |   [01;31m[K^~~~~~~[m[K
[0.822s] [01m[K/home/taka4/ros2_ws/src/adi_driver2/src/adis16465_node.cpp:214:57:[m[K [01;31m[Kerror: [m[Kinvalid use of â€˜[01m[Kthis[m[Kâ€™ in non-member function
[0.822s]   214 |   ImuNode::loop_timer_ = rclcpp::create_wall_timer(1s, [[01;31m[Kthis[m[K](){
[0.823s]       |                                                         [01;31m[K^~~~[m[K
[0.823s] In file included from [01m[K/opt/ros/foxy/include/rclcpp/client.hpp:40[m[K,
[0.823s]                  from [01m[K/opt/ros/foxy/include/rclcpp/callback_group.hpp:23[m[K,
[0.823s]                  from [01m[K/opt/ros/foxy/include/rclcpp/any_executable.hpp:20[m[K,
[0.823s]                  from [01m[K/opt/ros/foxy/include/rclcpp/memory_strategy.hpp:24[m[K,
[0.823s]                  from [01m[K/opt/ros/foxy/include/rclcpp/memory_strategies.hpp:18[m[K,
[0.823s]                  from [01m[K/opt/ros/foxy/include/rclcpp/executor_options.hpp:20[m[K,
[0.823s]                  from [01m[K/opt/ros/foxy/include/rclcpp/executor.hpp:33[m[K,
[0.823s]                  from [01m[K/opt/ros/foxy/include/rclcpp/executors/multi_threaded_executor.hpp:26[m[K,
[0.823s]                  from [01m[K/opt/ros/foxy/include/rclcpp/executors.hpp:21[m[K,
[0.823s]                  from [01m[K/opt/ros/foxy/include/rclcpp/rclcpp.hpp:146[m[K,
[0.823s]                  from [01m[K/home/taka4/ros2_ws/src/adi_driver2/include/adi_driver2/adis16465_node.hpp:33[m[K,
[0.823s]                  from [01m[K/home/taka4/ros2_ws/src/adi_driver2/src/adis16465_node.cpp:40[m[K:
[0.823s] [01m[K/home/taka4/ros2_ws/src/adi_driver2/src/adis16465_node.cpp:[m[K In lambda function:
[0.823s] [01m[K/home/taka4/ros2_ws/src/adi_driver2/src/adis16465_node.cpp:216:17:[m[K [01;31m[Kerror: [m[Kâ€˜[01m[Kndt_scan_matcher[m[Kâ€™ is not captured
[0.823s]   216 |     RCLCPP_WARN([01;31m[Kndt_scan_matcher[m[K -> get_logger(), "Keep trying to open the device in 1 second period...");
[0.823s]       |                 [01;31m[K^~~~~~~~~~~~~~~~[m[K
[0.823s] [01m[K/home/taka4/ros2_ws/src/adi_driver2/src/adis16465_node.cpp:214:61:[m[K [01;36m[Knote: [m[Kthe lambda has no capture-default
[0.823s]   214 |   ImuNode::loop_timer_ = rclcpp::create_wall_timer(1s, [this[01;36m[K][m[K(){
[0.823s]       |                                                             [01;36m[K^[m[K
[0.823s] [01m[K/home/taka4/ros2_ws/src/adi_driver2/src/adis16465_node.cpp:204:8:[m[K [01;36m[Knote: [m[Kâ€˜[01m[Kstd::shared_ptr<adi_driver2::ImuNode> ndt_scan_matcher[m[Kâ€™ declared here
[0.823s]   204 |   auto [01;36m[Kndt_scan_matcher[m[K = std::make_shared<adi_driver2::ImuNode>();
[0.823s]       |        [01;36m[K^~~~~~~~~~~~~~~~[m[K
[0.823s] In file included from [01m[K/opt/ros/foxy/include/rclcpp/client.hpp:40[m[K,
[0.823s]                  from [01m[K/opt/ros/foxy/include/rclcpp/callback_group.hpp:23[m[K,
[0.823s]                  from [01m[K/opt/ros/foxy/include/rclcpp/any_executable.hpp:20[m[K,
[0.823s]                  from [01m[K/opt/ros/foxy/include/rclcpp/memory_strategy.hpp:24[m[K,
[0.823s]                  from [01m[K/opt/ros/foxy/include/rclcpp/memory_strategies.hpp:18[m[K,
[0.823s]                  from [01m[K/opt/ros/foxy/include/rclcpp/executor_options.hpp:20[m[K,
[0.823s]                  from [01m[K/opt/ros/foxy/include/rclcpp/executor.hpp:33[m[K,
[0.823s]                  from [01m[K/opt/ros/foxy/include/rclcpp/executors/multi_threaded_executor.hpp:26[m[K,
[0.823s]                  from [01m[K/opt/ros/foxy/include/rclcpp/executors.hpp:21[m[K,
[0.823s]                  from [01m[K/opt/ros/foxy/include/rclcpp/rclcpp.hpp:146[m[K,
[0.823s]                  from [01m[K/home/taka4/ros2_ws/src/adi_driver2/include/adi_driver2/adis16465_node.hpp:33[m[K,
[0.824s]                  from [01m[K/home/taka4/ros2_ws/src/adi_driver2/src/adis16465_node.cpp:40[m[K:
[0.824s] [01m[K/home/taka4/ros2_ws/src/adi_driver2/src/adis16465_node.cpp:216:17:[m[K [01;31m[Kerror: [m[Kâ€˜[01m[Kndt_scan_matcher[m[Kâ€™ is not captured
[0.824s]   216 |     RCLCPP_WARN([01;31m[Kndt_scan_matcher[m[K -> get_logger(), "Keep trying to open the device in 1 second period...");
[0.824s]       |                 [01;31m[K^~~~~~~~~~~~~~~~[m[K
[0.824s] [01m[K/home/taka4/ros2_ws/src/adi_driver2/src/adis16465_node.cpp:214:61:[m[K [01;36m[Knote: [m[Kthe lambda has no capture-default
[0.824s]   214 |   ImuNode::loop_timer_ = rclcpp::create_wall_timer(1s, [this[01;36m[K][m[K(){
[0.824s]       |                                                             [01;36m[K^[m[K
[0.824s] [01m[K/home/taka4/ros2_ws/src/adi_driver2/src/adis16465_node.cpp:204:8:[m[K [01;36m[Knote: [m[Kâ€˜[01m[Kstd::shared_ptr<adi_driver2::ImuNode> ndt_scan_matcher[m[Kâ€™ declared here
[0.824s]   204 |   auto [01;36m[Kndt_scan_matcher[m[K = std::make_shared<adi_driver2::ImuNode>();
[0.824s]       |        [01;36m[K^~~~~~~~~~~~~~~~[m[K
[0.824s] [01m[K/home/taka4/ros2_ws/src/adi_driver2/src/adis16465_node.cpp:218:5:[m[K [01;31m[Kerror: [m[Kâ€˜[01m[Kndt_scan_matcher[m[Kâ€™ is not captured
[0.824s]   218 |     [01;31m[Kndt_scan_matcher[m[K -> open();
[0.824s]       |     [01;31m[K^~~~~~~~~~~~~~~~[m[K
[0.824s] [01m[K/home/taka4/ros2_ws/src/adi_driver2/src/adis16465_node.cpp:214:61:[m[K [01;36m[Knote: [m[Kthe lambda has no capture-default
[0.824s]   214 |   ImuNode::loop_timer_ = rclcpp::create_wall_timer(1s, [this[01;36m[K][m[K(){
[0.824s]       |                                                             [01;36m[K^[m[K
[0.824s] [01m[K/home/taka4/ros2_ws/src/adi_driver2/src/adis16465_node.cpp:204:8:[m[K [01;36m[Knote: [m[Kâ€˜[01m[Kstd::shared_ptr<adi_driver2::ImuNode> ndt_scan_matcher[m[Kâ€™ declared here
[0.824s]   204 |   auto [01;36m[Kndt_scan_matcher[m[K = std::make_shared<adi_driver2::ImuNode>();
[0.824s]       |        [01;36m[K^~~~~~~~~~~~~~~~[m[K
[0.824s] [01m[K/home/taka4/ros2_ws/src/adi_driver2/src/adis16465_node.cpp:[m[K In function â€˜[01m[Kint main(int, char**)[m[Kâ€™:
[0.824s] [01m[K/home/taka4/ros2_ws/src/adi_driver2/src/adis16465_node.cpp:219:4:[m[K [01;31m[Kerror: [m[Kno matching function for call to â€˜[01m[Kcreate_wall_timer(std::chrono::seconds, main(int, char**)::<lambda()>)[m[Kâ€™
[0.824s]   219 |   }[01;31m[K)[m[K;
[0.824s]       |    [01;31m[K^[m[K
[0.824s] In file included from [01m[K/opt/ros/foxy/include/rclcpp/node_impl.hpp:41[m[K,
[0.824s]                  from [01m[K/opt/ros/foxy/include/rclcpp/node.hpp:1224[m[K,
[0.824s]                  from [01m[K/opt/ros/foxy/include/rclcpp/executors/single_threaded_executor.hpp:28[m[K,
[0.824s]                  from [01m[K/opt/ros/foxy/include/rclcpp/executors.hpp:22[m[K,
[0.824s]                  from [01m[K/opt/ros/foxy/include/rclcpp/rclcpp.hpp:146[m[K,
[0.824s]                  from [01m[K/home/taka4/ros2_ws/src/adi_driver2/include/adi_driver2/adis16465_node.hpp:33[m[K,
[0.824s]                  from [01m[K/home/taka4/ros2_ws/src/adi_driver2/src/adis16465_node.cpp:40[m[K:
[0.824s] [01m[K/opt/ros/foxy/include/rclcpp/create_timer.hpp:90:1:[m[K [01;36m[Knote: [m[Kcandidate: â€˜[01m[Ktemplate<class DurationRepT, class DurationT, class CallbackT> typename rclcpp::WallTimer<CallbackT>::SharedPtr rclcpp::create_wall_timer(std::chrono::duration<_Rep1, _Period1>, CallbackT, rclcpp::CallbackGroup::SharedPtr, rclcpp::node_interfaces::NodeBaseInterface*, rclcpp::node_interfaces::NodeTimersInterface*)[m[Kâ€™
[0.824s]    90 | [01;36m[Kcreate_wall_timer[m[K(
[0.824s]       | [01;36m[K^~~~~~~~~~~~~~~~~[m[K
[0.824s] [01m[K/opt/ros/foxy/include/rclcpp/create_timer.hpp:90:1:[m[K [01;36m[Knote: [m[K  template argument deduction/substitution failed:
[0.824s] [01m[K/home/taka4/ros2_ws/src/adi_driver2/src/adis16465_node.cpp:219:4:[m[K [01;36m[Knote: [m[K  candidate expects 5 arguments, 2 provided
[0.825s]   219 |   }[01;36m[K)[m[K;
[0.825s]       |    [01;36m[K^[m[K
[1.408s] make[2]: *** [CMakeFiles/adis16465.dir/build.make:76: CMakeFiles/adis16465.dir/src/adis16465_node.cpp.o] ã‚¨ãƒ©ãƒ¼ 1
[1.408s] make[1]: *** [CMakeFiles/Makefile2:78: CMakeFiles/adis16465.dir/all] ã‚¨ãƒ©ãƒ¼ 2
[1.408s] make: *** [Makefile:141: all] ã‚¨ãƒ©ãƒ¼ 2
[1.410s] Invoked command in '/home/taka4/ros2_ws/src/adi_driver2/build/adi_driver2' returned '2': CMAKE_PREFIX_PATH=${CMAKE_PREFIX_PATH}:/opt/ros/foxy /usr/bin/cmake --build /home/taka4/ros2_ws/src/adi_driver2/build/adi_driver2 -- -j16 -l16
