[0.015s] Invoking command in '/home/taka4/ros2_ws/src/adi_driver2/build/adi_driver2': CMAKE_PREFIX_PATH=${CMAKE_PREFIX_PATH}:/opt/ros/foxy /usr/bin/cmake --build /home/taka4/ros2_ws/src/adi_driver2/build/adi_driver2 -- -j16 -l16
[0.042s] [35m[1mScanning dependencies of target adis16465[0m
[0.059s] [ 33%] [32mBuilding CXX object CMakeFiles/adis16465.dir/src/adis16465_node.cpp.o[0m
[0.826s] [01m[K/home/taka4/ros2_ws/src/adi_driver2/src/adis16465_node.cpp:[m[K In member function â€˜[01m[Kbool adi_driver2::ImuNode::open()[m[Kâ€™:
[0.826s] [01m[K/home/taka4/ros2_ws/src/adi_driver2/src/adis16465_node.cpp:109:1:[m[K [01;35m[Kwarning: [m[Kno return statement in function returning non-void [[01;35m[K-Wreturn-type[m[K]
[0.826s]   109 | [01;35m[K}[m[K
[0.826s]       | [01;35m[K^[m[K
[0.830s] [01m[K/home/taka4/ros2_ws/src/adi_driver2/src/adis16465_node.cpp:[m[K In member function â€˜[01m[Kint adi_driver2::ImuNode::publish_imu_data()[m[Kâ€™:
[0.830s] [01m[K/home/taka4/ros2_ws/src/adi_driver2/src/adis16465_node.cpp:134:1:[m[K [01;35m[Kwarning: [m[Kno return statement in function returning non-void [[01;35m[K-Wreturn-type[m[K]
[0.830s]   134 | [01;35m[K}[m[K
[0.830s]       | [01;35m[K^[m[K
[0.834s] [01m[K/home/taka4/ros2_ws/src/adi_driver2/src/adis16465_node.cpp:[m[K In member function â€˜[01m[Kint adi_driver2::ImuNode::publish_temp_data()[m[Kâ€™:
[0.834s] [01m[K/home/taka4/ros2_ws/src/adi_driver2/src/adis16465_node.cpp:145:1:[m[K [01;35m[Kwarning: [m[Kno return statement in function returning non-void [[01;35m[K-Wreturn-type[m[K]
[0.834s]   145 | [01;35m[K}[m[K
[0.834s]       | [01;35m[K^[m[K
[0.845s] [01m[K/home/taka4/ros2_ws/src/adi_driver2/src/adis16465_node.cpp:[m[K In function â€˜[01m[Kint main(int, char**)[m[Kâ€™:
[0.845s] [01m[K/home/taka4/ros2_ws/src/adi_driver2/src/adis16465_node.cpp:236:3:[m[K [01;31m[Kerror: [m[Kâ€˜[01m[Ktimer_[m[Kâ€™ was not declared in this scope; did you mean â€˜[01m[Ktimer_t[m[Kâ€™?
[0.845s]   236 |   [01;31m[Ktimer_[m[K = rclcpp::create_wall_timer(1s, [this]() {
[0.846s]       |   [01;31m[K^~~~~~[m[K
[0.846s]       |   [32m[Ktimer_t[m[K
[0.846s] [01m[K/home/taka4/ros2_ws/src/adi_driver2/src/adis16465_node.cpp:236:43:[m[K [01;31m[Kerror: [m[Kinvalid use of â€˜[01m[Kthis[m[Kâ€™ in non-member function
[0.846s]   236 |   timer_ = rclcpp::create_wall_timer(1s, [[01;31m[Kthis[m[K]() {
[0.846s]       |                                           [01;31m[K^~~~[m[K
[0.846s] In file included from [01m[K/opt/ros/foxy/include/rclcpp/client.hpp:40[m[K,
[0.846s]                  from [01m[K/opt/ros/foxy/include/rclcpp/callback_group.hpp:23[m[K,
[0.846s]                  from [01m[K/opt/ros/foxy/include/rclcpp/any_executable.hpp:20[m[K,
[0.846s]                  from [01m[K/opt/ros/foxy/include/rclcpp/memory_strategy.hpp:24[m[K,
[0.846s]                  from [01m[K/opt/ros/foxy/include/rclcpp/memory_strategies.hpp:18[m[K,
[0.846s]                  from [01m[K/opt/ros/foxy/include/rclcpp/executor_options.hpp:20[m[K,
[0.846s]                  from [01m[K/opt/ros/foxy/include/rclcpp/executor.hpp:33[m[K,
[0.847s]                  from [01m[K/opt/ros/foxy/include/rclcpp/executors/multi_threaded_executor.hpp:26[m[K,
[0.847s]                  from [01m[K/opt/ros/foxy/include/rclcpp/executors.hpp:21[m[K,
[0.847s]                  from [01m[K/opt/ros/foxy/include/rclcpp/rclcpp.hpp:146[m[K,
[0.847s]                  from [01m[K/home/taka4/ros2_ws/src/adi_driver2/include/adi_driver2/adis16465_node.hpp:33[m[K,
[0.847s]                  from [01m[K/home/taka4/ros2_ws/src/adi_driver2/src/adis16465_node.cpp:40[m[K:
[0.847s] [01m[K/home/taka4/ros2_ws/src/adi_driver2/src/adis16465_node.cpp:[m[K In lambda function:
[0.847s] [01m[K/home/taka4/ros2_ws/src/adi_driver2/src/adis16465_node.cpp:237:17:[m[K [01;31m[Kerror: [m[Kâ€˜[01m[Kndt_scan_matcher[m[Kâ€™ is not captured
[0.847s]   237 |     RCLCPP_WARN([01;31m[Kndt_scan_matcher[m[K -> get_logger(), "Keep trying to open the device in 1 second period...");
[0.847s]       |                 [01;31m[K^~~~~~~~~~~~~~~~[m[K
[0.847s] [01m[K/home/taka4/ros2_ws/src/adi_driver2/src/adis16465_node.cpp:236:47:[m[K [01;36m[Knote: [m[Kthe lambda has no capture-default
[0.847s]   236 |   timer_ = rclcpp::create_wall_timer(1s, [this[01;36m[K][m[K() {
[0.847s]       |                                               [01;36m[K^[m[K
[0.847s] [01m[K/home/taka4/ros2_ws/src/adi_driver2/src/adis16465_node.cpp:229:8:[m[K [01;36m[Knote: [m[Kâ€˜[01m[Kstd::shared_ptr<adi_driver2::ImuNode> ndt_scan_matcher[m[Kâ€™ declared here
[0.847s]   229 |   auto [01;36m[Kndt_scan_matcher[m[K = std::make_shared<adi_driver2::ImuNode>();
[0.848s]       |        [01;36m[K^~~~~~~~~~~~~~~~[m[K
[0.848s] In file included from [01m[K/opt/ros/foxy/include/rclcpp/client.hpp:40[m[K,
[0.848s]                  from [01m[K/opt/ros/foxy/include/rclcpp/callback_group.hpp:23[m[K,
[0.848s]                  from [01m[K/opt/ros/foxy/include/rclcpp/any_executable.hpp:20[m[K,
[0.848s]                  from [01m[K/opt/ros/foxy/include/rclcpp/memory_strategy.hpp:24[m[K,
[0.848s]                  from [01m[K/opt/ros/foxy/include/rclcpp/memory_strategies.hpp:18[m[K,
[0.848s]                  from [01m[K/opt/ros/foxy/include/rclcpp/executor_options.hpp:20[m[K,
[0.848s]                  from [01m[K/opt/ros/foxy/include/rclcpp/executor.hpp:33[m[K,
[0.848s]                  from [01m[K/opt/ros/foxy/include/rclcpp/executors/multi_threaded_executor.hpp:26[m[K,
[0.848s]                  from [01m[K/opt/ros/foxy/include/rclcpp/executors.hpp:21[m[K,
[0.848s]                  from [01m[K/opt/ros/foxy/include/rclcpp/rclcpp.hpp:146[m[K,
[0.848s]                  from [01m[K/home/taka4/ros2_ws/src/adi_driver2/include/adi_driver2/adis16465_node.hpp:33[m[K,
[0.848s]                  from [01m[K/home/taka4/ros2_ws/src/adi_driver2/src/adis16465_node.cpp:40[m[K:
[0.848s] [01m[K/home/taka4/ros2_ws/src/adi_driver2/src/adis16465_node.cpp:237:17:[m[K [01;31m[Kerror: [m[Kâ€˜[01m[Kndt_scan_matcher[m[Kâ€™ is not captured
[0.848s]   237 |     RCLCPP_WARN([01;31m[Kndt_scan_matcher[m[K -> get_logger(), "Keep trying to open the device in 1 second period...");
[0.849s]       |                 [01;31m[K^~~~~~~~~~~~~~~~[m[K
[0.849s] [01m[K/home/taka4/ros2_ws/src/adi_driver2/src/adis16465_node.cpp:236:47:[m[K [01;36m[Knote: [m[Kthe lambda has no capture-default
[0.849s]   236 |   timer_ = rclcpp::create_wall_timer(1s, [this[01;36m[K][m[K() {
[0.849s]       |                                               [01;36m[K^[m[K
[0.849s] [01m[K/home/taka4/ros2_ws/src/adi_driver2/src/adis16465_node.cpp:229:8:[m[K [01;36m[Knote: [m[Kâ€˜[01m[Kstd::shared_ptr<adi_driver2::ImuNode> ndt_scan_matcher[m[Kâ€™ declared here
[0.849s]   229 |   auto [01;36m[Kndt_scan_matcher[m[K = std::make_shared<adi_driver2::ImuNode>();
[0.849s]       |        [01;36m[K^~~~~~~~~~~~~~~~[m[K
[0.849s] [01m[K/home/taka4/ros2_ws/src/adi_driver2/src/adis16465_node.cpp:240:5:[m[K [01;31m[Kerror: [m[Kâ€˜[01m[Kndt_scan_matcher[m[Kâ€™ is not captured
[0.849s]   240 |     [01;31m[Kndt_scan_matcher[m[K -> open();
[0.849s]       |     [01;31m[K^~~~~~~~~~~~~~~~[m[K
[0.849s] [01m[K/home/taka4/ros2_ws/src/adi_driver2/src/adis16465_node.cpp:236:47:[m[K [01;36m[Knote: [m[Kthe lambda has no capture-default
[0.849s]   236 |   timer_ = rclcpp::create_wall_timer(1s, [this[01;36m[K][m[K() {
[0.849s]       |                                               [01;36m[K^[m[K
[0.849s] [01m[K/home/taka4/ros2_ws/src/adi_driver2/src/adis16465_node.cpp:229:8:[m[K [01;36m[Knote: [m[Kâ€˜[01m[Kstd::shared_ptr<adi_driver2::ImuNode> ndt_scan_matcher[m[Kâ€™ declared here
[0.850s]   229 |   auto [01;36m[Kndt_scan_matcher[m[K = std::make_shared<adi_driver2::ImuNode>();
[0.850s]       |        [01;36m[K^~~~~~~~~~~~~~~~[m[K
[0.850s] [01m[K/home/taka4/ros2_ws/src/adi_driver2/src/adis16465_node.cpp:[m[K In function â€˜[01m[Kint main(int, char**)[m[Kâ€™:
[0.850s] [01m[K/home/taka4/ros2_ws/src/adi_driver2/src/adis16465_node.cpp:241:4:[m[K [01;31m[Kerror: [m[Kno matching function for call to â€˜[01m[Kcreate_wall_timer(std::chrono::seconds, main(int, char**)::<lambda()>)[m[Kâ€™
[0.850s]   241 |   }[01;31m[K)[m[K;
[0.850s]       |    [01;31m[K^[m[K
[0.850s] In file included from [01m[K/opt/ros/foxy/include/rclcpp/node_impl.hpp:41[m[K,
[0.850s]                  from [01m[K/opt/ros/foxy/include/rclcpp/node.hpp:1224[m[K,
[0.850s]                  from [01m[K/opt/ros/foxy/include/rclcpp/executors/single_threaded_executor.hpp:28[m[K,
[0.850s]                  from [01m[K/opt/ros/foxy/include/rclcpp/executors.hpp:22[m[K,
[0.850s]                  from [01m[K/opt/ros/foxy/include/rclcpp/rclcpp.hpp:146[m[K,
[0.850s]                  from [01m[K/home/taka4/ros2_ws/src/adi_driver2/include/adi_driver2/adis16465_node.hpp:33[m[K,
[0.850s]                  from [01m[K/home/taka4/ros2_ws/src/adi_driver2/src/adis16465_node.cpp:40[m[K:
[0.850s] [01m[K/opt/ros/foxy/include/rclcpp/create_timer.hpp:90:1:[m[K [01;36m[Knote: [m[Kcandidate: â€˜[01m[Ktemplate<class DurationRepT, class DurationT, class CallbackT> typename rclcpp::WallTimer<CallbackT>::SharedPtr rclcpp::create_wall_timer(std::chrono::duration<_Rep1, _Period1>, CallbackT, rclcpp::CallbackGroup::SharedPtr, rclcpp::node_interfaces::NodeBaseInterface*, rclcpp::node_interfaces::NodeTimersInterface*)[m[Kâ€™
[0.851s]    90 | [01;36m[Kcreate_wall_timer[m[K(
[0.851s]       | [01;36m[K^~~~~~~~~~~~~~~~~[m[K
[0.851s] [01m[K/opt/ros/foxy/include/rclcpp/create_timer.hpp:90:1:[m[K [01;36m[Knote: [m[K  template argument deduction/substitution failed:
[0.851s] [01m[K/home/taka4/ros2_ws/src/adi_driver2/src/adis16465_node.cpp:241:4:[m[K [01;36m[Knote: [m[K  candidate expects 5 arguments, 2 provided
[0.851s]   241 |   }[01;36m[K)[m[K;
[0.851s]       |    [01;36m[K^[m[K
[1.450s] make[2]: *** [CMakeFiles/adis16465.dir/build.make:76: CMakeFiles/adis16465.dir/src/adis16465_node.cpp.o] ã‚¨ãƒ©ãƒ¼ 1
[1.451s] make[1]: *** [CMakeFiles/Makefile2:78: CMakeFiles/adis16465.dir/all] ã‚¨ãƒ©ãƒ¼ 2
[1.451s] make: *** [Makefile:141: all] ã‚¨ãƒ©ãƒ¼ 2
[1.455s] Invoked command in '/home/taka4/ros2_ws/src/adi_driver2/build/adi_driver2' returned '2': CMAKE_PREFIX_PATH=${CMAKE_PREFIX_PATH}:/opt/ros/foxy /usr/bin/cmake --build /home/taka4/ros2_ws/src/adi_driver2/build/adi_driver2 -- -j16 -l16
