[35m[1mScanning dependencies of target adis16465[0m
[ 33%] [32mBuilding CXX object CMakeFiles/adis16465.dir/src/adis16465_node.cpp.o[0m
[01m[K/home/taka4/ros2_ws/src/adi_driver2/src/adis16465_node.cpp:[m[K In constructor â€˜[01m[Kadi_driver2::ImuNode::ImuNode()[m[Kâ€™:
[01m[K/home/taka4/ros2_ws/src/adi_driver2/src/adis16465_node.cpp:83:20:[m[K [01;31m[Kerror: [m[Kâ€˜[01m[Knode_handle_[m[Kâ€™ was not declared in this scope; did you mean â€˜[01m[Knode_base_[m[Kâ€™?
   83 |   auto bias_srv_ = [01;31m[Knode_handle_[m[K->create_service<my_package_msgs::srv::BiasEstimate>(
      |                    [01;31m[K^~~~~~~~~~~~[m[K
      |                    [32m[Knode_base_[m[K
[01m[K/home/taka4/ros2_ws/src/adi_driver2/src/adis16465_node.cpp:83:49:[m[K [01;31m[Kerror: [m[Kâ€˜[01m[Kmy_package_msgs[m[Kâ€™ has not been declared
   83 |   auto bias_srv_ = node_handle_->create_service<[01;31m[Kmy_package_msgs[m[K::srv::BiasEstimate>(
      |                                                 [01;31m[K^~~~~~~~~~~~~~~[m[K
[01m[K/home/taka4/ros2_ws/src/adi_driver2/src/adis16465_node.cpp:84:40:[m[K [01;31m[Kerror: [m[Kâ€˜[01m[Kbias_estimate[m[Kâ€™ is not a member of â€˜[01m[Kadi_driver2::ImuNode[m[Kâ€™
   84 |   "bias_estimate", std::bind(&ImuNode::[01;31m[Kbias_estimate[m[K, this, std::placeholders::_1, std::placeholders::_2));
      |                                        [01;31m[K^~~~~~~~~~~~~[m[K
[01m[K/home/taka4/ros2_ws/src/adi_driver2/src/adis16465_node.cpp:[m[K In member function â€˜[01m[Kbool adi_driver2::ImuNode::open()[m[Kâ€™:
[01m[K/home/taka4/ros2_ws/src/adi_driver2/src/adis16465_node.cpp:114:1:[m[K [01;35m[Kwarning: [m[Kno return statement in function returning non-void [[01;35m[K-Wreturn-type[m[K]
  114 | [01;35m[K}[m[K
      | [01;35m[K^[m[K
[01m[K/home/taka4/ros2_ws/src/adi_driver2/src/adis16465_node.cpp:[m[K In member function â€˜[01m[Kint adi_driver2::ImuNode::publish_imu_data()[m[Kâ€™:
[01m[K/home/taka4/ros2_ws/src/adi_driver2/src/adis16465_node.cpp:139:1:[m[K [01;35m[Kwarning: [m[Kno return statement in function returning non-void [[01;35m[K-Wreturn-type[m[K]
  139 | [01;35m[K}[m[K
      | [01;35m[K^[m[K
[01m[K/home/taka4/ros2_ws/src/adi_driver2/src/adis16465_node.cpp:[m[K In member function â€˜[01m[Kint adi_driver2::ImuNode::publish_temp_data()[m[Kâ€™:
[01m[K/home/taka4/ros2_ws/src/adi_driver2/src/adis16465_node.cpp:151:1:[m[K [01;35m[Kwarning: [m[Kno return statement in function returning non-void [[01;35m[K-Wreturn-type[m[K]
  151 | [01;35m[K}[m[K
      | [01;35m[K^[m[K
make[2]: *** [CMakeFiles/adis16465.dir/build.make:76: CMakeFiles/adis16465.dir/src/adis16465_node.cpp.o] ã‚¨ãƒ©ãƒ¼ 1
make[1]: *** [CMakeFiles/Makefile2:78: CMakeFiles/adis16465.dir/all] ã‚¨ãƒ©ãƒ¼ 2
make: *** [Makefile:141: all] ã‚¨ãƒ©ãƒ¼ 2
