[0.011s] Invoking command in '/home/taka4/ros2_ws/src/adi_driver2/build/adi_driver2': CMAKE_PREFIX_PATH=${CMAKE_PREFIX_PATH}:/opt/ros/foxy /usr/bin/cmake --build /home/taka4/ros2_ws/src/adi_driver2/build/adi_driver2 -- -j16 -l16
[0.041s] [35m[1mScanning dependencies of target adis16465[0m
[0.059s] [ 33%] [32mBuilding CXX object CMakeFiles/adis16465.dir/src/adis16465_node.cpp.o[0m
[0.789s] [01m[K/home/taka4/ros2_ws/src/adi_driver2/src/adis16465_node.cpp:[m[K In constructor â€˜[01m[Kadi_driver2::ImuNode::ImuNode()[m[Kâ€™:
[0.789s] [01m[K/home/taka4/ros2_ws/src/adi_driver2/src/adis16465_node.cpp:83:20:[m[K [01;31m[Kerror: [m[Kâ€˜[01m[Knode_handle_[m[Kâ€™ was not declared in this scope; did you mean â€˜[01m[Knode_base_[m[Kâ€™?
[0.789s]    83 |   auto bias_srv_ = [01;31m[Knode_handle_[m[K->create_service<my_package_msgs::srv::BiasEstimate>(
[0.789s]       |                    [01;31m[K^~~~~~~~~~~~[m[K
[0.789s]       |                    [32m[Knode_base_[m[K
[0.789s] [01m[K/home/taka4/ros2_ws/src/adi_driver2/src/adis16465_node.cpp:83:49:[m[K [01;31m[Kerror: [m[Kâ€˜[01m[Kmy_package_msgs[m[Kâ€™ has not been declared
[0.789s]    83 |   auto bias_srv_ = node_handle_->create_service<[01;31m[Kmy_package_msgs[m[K::srv::BiasEstimate>(
[0.789s]       |                                                 [01;31m[K^~~~~~~~~~~~~~~[m[K
[0.789s] [01m[K/home/taka4/ros2_ws/src/adi_driver2/src/adis16465_node.cpp:84:40:[m[K [01;31m[Kerror: [m[Kâ€˜[01m[Kbias_estimate[m[Kâ€™ is not a member of â€˜[01m[Kadi_driver2::ImuNode[m[Kâ€™
[0.789s]    84 |   "bias_estimate", std::bind(&ImuNode::[01;31m[Kbias_estimate[m[K, this, std::placeholders::_1, std::placeholders::_2));
[0.789s]       |                                        [01;31m[K^~~~~~~~~~~~~[m[K
[0.790s] [01m[K/home/taka4/ros2_ws/src/adi_driver2/src/adis16465_node.cpp:[m[K In member function â€˜[01m[Kbool adi_driver2::ImuNode::open()[m[Kâ€™:
[0.790s] [01m[K/home/taka4/ros2_ws/src/adi_driver2/src/adis16465_node.cpp:114:1:[m[K [01;35m[Kwarning: [m[Kno return statement in function returning non-void [[01;35m[K-Wreturn-type[m[K]
[0.790s]   114 | [01;35m[K}[m[K
[0.791s]       | [01;35m[K^[m[K
[0.794s] [01m[K/home/taka4/ros2_ws/src/adi_driver2/src/adis16465_node.cpp:[m[K In member function â€˜[01m[Kint adi_driver2::ImuNode::publish_imu_data()[m[Kâ€™:
[0.794s] [01m[K/home/taka4/ros2_ws/src/adi_driver2/src/adis16465_node.cpp:139:1:[m[K [01;35m[Kwarning: [m[Kno return statement in function returning non-void [[01;35m[K-Wreturn-type[m[K]
[0.795s]   139 | [01;35m[K}[m[K
[0.795s]       | [01;35m[K^[m[K
[0.798s] [01m[K/home/taka4/ros2_ws/src/adi_driver2/src/adis16465_node.cpp:[m[K In member function â€˜[01m[Kint adi_driver2::ImuNode::publish_temp_data()[m[Kâ€™:
[0.798s] [01m[K/home/taka4/ros2_ws/src/adi_driver2/src/adis16465_node.cpp:151:1:[m[K [01;35m[Kwarning: [m[Kno return statement in function returning non-void [[01;35m[K-Wreturn-type[m[K]
[0.798s]   151 | [01;35m[K}[m[K
[0.798s]       | [01;35m[K^[m[K
[1.392s] make[2]: *** [CMakeFiles/adis16465.dir/build.make:76: CMakeFiles/adis16465.dir/src/adis16465_node.cpp.o] ã‚¨ãƒ©ãƒ¼ 1
[1.392s] make[1]: *** [CMakeFiles/Makefile2:78: CMakeFiles/adis16465.dir/all] ã‚¨ãƒ©ãƒ¼ 2
[1.392s] make: *** [Makefile:141: all] ã‚¨ãƒ©ãƒ¼ 2
[1.394s] Invoked command in '/home/taka4/ros2_ws/src/adi_driver2/build/adi_driver2' returned '2': CMAKE_PREFIX_PATH=${CMAKE_PREFIX_PATH}:/opt/ros/foxy /usr/bin/cmake --build /home/taka4/ros2_ws/src/adi_driver2/build/adi_driver2 -- -j16 -l16
