[0.011s] Invoking command in '/home/taka4/ros2_ws/src/adi_driver2/build/adi_driver2': CMAKE_PREFIX_PATH=${CMAKE_PREFIX_PATH}:/opt/ros/foxy /usr/bin/cmake --build /home/taka4/ros2_ws/src/adi_driver2/build/adi_driver2 -- -j16 -l16
[0.041s] [35m[1mScanning dependencies of target adis16465[0m
[0.059s] [ 33%] [32mBuilding CXX object CMakeFiles/adis16465.dir/src/adis16465_node.cpp.o[0m
[0.800s] [01m[K/home/taka4/ros2_ws/src/adi_driver2/src/adis16465_node.cpp:[m[K In member function â€˜[01m[Kbool adi_driver2::ImuNode::open()[m[Kâ€™:
[0.800s] [01m[K/home/taka4/ros2_ws/src/adi_driver2/src/adis16465_node.cpp:112:1:[m[K [01;35m[Kwarning: [m[Kno return statement in function returning non-void [[01;35m[K-Wreturn-type[m[K]
[0.800s]   112 | [01;35m[K}[m[K
[0.800s]       | [01;35m[K^[m[K
[0.804s] [01m[K/home/taka4/ros2_ws/src/adi_driver2/src/adis16465_node.cpp:[m[K In member function â€˜[01m[Kint adi_driver2::ImuNode::publish_imu_data()[m[Kâ€™:
[0.804s] [01m[K/home/taka4/ros2_ws/src/adi_driver2/src/adis16465_node.cpp:137:1:[m[K [01;35m[Kwarning: [m[Kno return statement in function returning non-void [[01;35m[K-Wreturn-type[m[K]
[0.804s]   137 | [01;35m[K}[m[K
[0.804s]       | [01;35m[K^[m[K
[0.808s] [01m[K/home/taka4/ros2_ws/src/adi_driver2/src/adis16465_node.cpp:[m[K In member function â€˜[01m[Kint adi_driver2::ImuNode::publish_temp_data()[m[Kâ€™:
[0.808s] [01m[K/home/taka4/ros2_ws/src/adi_driver2/src/adis16465_node.cpp:149:1:[m[K [01;35m[Kwarning: [m[Kno return statement in function returning non-void [[01;35m[K-Wreturn-type[m[K]
[0.808s]   149 | [01;35m[K}[m[K
[0.808s]       | [01;35m[K^[m[K
[0.817s] [01m[K/home/taka4/ros2_ws/src/adi_driver2/src/adis16465_node.cpp:[m[K At global scope:
[0.817s] [01m[K/home/taka4/ros2_ws/src/adi_driver2/src/adis16465_node.cpp:225:15:[m[K [01;31m[Kerror: [m[Kexpected constructor, destructor, or type conversion before â€˜[01m[K([m[Kâ€™ token
[0.817s]   225 |   rclcpp::spin[01;31m[K([m[Kndt_scan_matcher);
[0.817s]       |               [01;31m[K^[m[K
[0.817s] [01m[K/home/taka4/ros2_ws/src/adi_driver2/src/adis16465_node.cpp:228:21:[m[K [01;31m[Kerror: [m[Kexpected constructor, destructor, or type conversion before â€˜[01m[K;[m[Kâ€™ token
[0.817s]   228 |   rclcpp::shutdown()[01;31m[K;[m[K
[0.817s]       |                     [01;31m[K^[m[K
[0.817s] [01m[K/home/taka4/ros2_ws/src/adi_driver2/src/adis16465_node.cpp:229:3:[m[K [01;31m[Kerror: [m[Kexpected unqualified-id before â€˜[01m[Kreturn[m[Kâ€™
[0.817s]   229 |   [01;31m[Kreturn[m[K 0;
[0.817s]       |   [01;31m[K^~~~~~[m[K
[0.817s] [01m[K/home/taka4/ros2_ws/src/adi_driver2/src/adis16465_node.cpp:230:3:[m[K [01;31m[Kerror: [m[Kexpected unqualified-id before â€˜[01m[Kreturn[m[Kâ€™
[0.817s]   230 |   [01;31m[Kreturn[m[K (0);
[0.817s]       |   [01;31m[K^~~~~~[m[K
[0.818s] [01m[K/home/taka4/ros2_ws/src/adi_driver2/src/adis16465_node.cpp:231:1:[m[K [01;31m[Kerror: [m[Kexpected declaration before â€˜[01m[K}[m[Kâ€™ token
[0.818s]   231 | [01;31m[K}[m[K
[0.818s]       | [01;31m[K^[m[K
[1.397s] make[2]: *** [CMakeFiles/adis16465.dir/build.make:76: CMakeFiles/adis16465.dir/src/adis16465_node.cpp.o] ã‚¨ãƒ©ãƒ¼ 1
[1.398s] make[1]: *** [CMakeFiles/Makefile2:78: CMakeFiles/adis16465.dir/all] ã‚¨ãƒ©ãƒ¼ 2
[1.398s] make: *** [Makefile:141: all] ã‚¨ãƒ©ãƒ¼ 2
[1.401s] Invoked command in '/home/taka4/ros2_ws/src/adi_driver2/build/adi_driver2' returned '2': CMAKE_PREFIX_PATH=${CMAKE_PREFIX_PATH}:/opt/ros/foxy /usr/bin/cmake --build /home/taka4/ros2_ws/src/adi_driver2/build/adi_driver2 -- -j16 -l16
