[0.010s] Invoking command in '/home/taka4/ros2_ws/src/adi_driver2/build/adi_driver2': CMAKE_PREFIX_PATH=${CMAKE_PREFIX_PATH}:/opt/ros/foxy /usr/bin/cmake --build /home/taka4/ros2_ws/src/adi_driver2/build/adi_driver2 -- -j16 -l16
[0.036s] [35m[1mScanning dependencies of target adis16465[0m
[0.052s] [ 33%] [32mBuilding CXX object CMakeFiles/adis16465.dir/src/adis16465_node.cpp.o[0m
[0.781s] [01m[K/home/taka4/ros2_ws/src/adi_driver2/src/adis16465_node.cpp:[m[K In constructor â€˜[01m[Kadi_driver2::ImuNode::ImuNode()[m[Kâ€™:
[0.781s] [01m[K/home/taka4/ros2_ws/src/adi_driver2/src/adis16465_node.cpp:81:3:[m[K [01;31m[Kerror: [m[Kâ€˜[01m[Kbias_srv_[m[Kâ€™ was not declared in this scope
[0.781s]    81 |   [01;31m[Kbias_srv_[m[K = creata_service("bias_estimate", bias_estimate);
[0.781s]       |   [01;31m[K^~~~~~~~~[m[K
[0.783s] [01m[K/home/taka4/ros2_ws/src/adi_driver2/src/adis16465_node.cpp:81:47:[m[K [01;31m[Kerror: [m[Kâ€˜[01m[Kbias_estimate[m[Kâ€™ was not declared in this scope
[0.783s]    81 |   bias_srv_ = creata_service("bias_estimate", [01;31m[Kbias_estimate[m[K);
[0.783s]       |                                               [01;31m[K^~~~~~~~~~~~~[m[K
[0.783s] [01m[K/home/taka4/ros2_ws/src/adi_driver2/src/adis16465_node.cpp:81:15:[m[K [01;31m[Kerror: [m[Kâ€˜[01m[Kcreata_service[m[Kâ€™ was not declared in this scope; did you mean â€˜[01m[Kcreate_service[m[Kâ€™?
[0.783s]    81 |   bias_srv_ = [01;31m[Kcreata_service[m[K("bias_estimate", bias_estimate);
[0.783s]       |               [01;31m[K^~~~~~~~~~~~~~[m[K
[0.783s]       |               [32m[Kcreate_service[m[K
[0.784s] [01m[K/home/taka4/ros2_ws/src/adi_driver2/src/adis16465_node.cpp:[m[K At global scope:
[0.784s] [01m[K/home/taka4/ros2_ws/src/adi_driver2/src/adis16465_node.cpp:92:6:[m[K [01;31m[Kerror: [m[Kâ€˜[01m[Kbool adi_driver2::ImuNode::bias_estimate[m[Kâ€™ is not a static data member of â€˜[01m[Kclass adi_driver2::ImuNode[m[Kâ€™
[0.784s]    92 | bool [01;31m[KImuNode[m[K::bias_estimate (std_srvs::Trigger::Request &req,
[0.784s]       |      [01;31m[K^~~~~~~[m[K
[0.784s] [01m[K/home/taka4/ros2_ws/src/adi_driver2/src/adis16465_node.cpp:92:30:[m[K [01;31m[Kerror: [m[Kâ€˜[01m[Kstd_srvs[m[Kâ€™ has not been declared
[0.785s]    92 | bool ImuNode::bias_estimate ([01;31m[Kstd_srvs[m[K::Trigger::Request &req,
[0.785s]       |                              [01;31m[K^~~~~~~~[m[K
[0.785s] [01m[K/home/taka4/ros2_ws/src/adi_driver2/src/adis16465_node.cpp:92:58:[m[K [01;31m[Kerror: [m[Kâ€˜[01m[Kreq[m[Kâ€™ was not declared in this scope
[0.785s]    92 | bool ImuNode::bias_estimate (std_srvs::Trigger::Request &[01;31m[Kreq[m[K,
[0.785s]       |                                                          [01;31m[K^~~[m[K
[0.785s] [01m[K/home/taka4/ros2_ws/src/adi_driver2/src/adis16465_node.cpp:93:21:[m[K [01;31m[Kerror: [m[Kâ€˜[01m[Kstd_srvs[m[Kâ€™ has not been declared
[0.785s]    93 |                     [01;31m[Kstd_srvs[m[K::Trigger::Response &res)
[0.785s]       |                     [01;31m[K^~~~~~~~[m[K
[0.785s] [01m[K/home/taka4/ros2_ws/src/adi_driver2/src/adis16465_node.cpp:93:50:[m[K [01;31m[Kerror: [m[Kâ€˜[01m[Kres[m[Kâ€™ was not declared in this scope
[0.786s]    93 |                     std_srvs::Trigger::Response &[01;31m[Kres[m[K)
[0.786s]       |                                                  [01;31m[K^~~[m[K
[0.786s] [01m[K/home/taka4/ros2_ws/src/adi_driver2/src/adis16465_node.cpp:93:53:[m[K [01;31m[Kerror: [m[Kexpression list treated as compound expression in initializer [[01;31m[K-fpermissive[m[K]
[0.786s]    93 |                     std_srvs::Trigger::Response &res[01;31m[K)[m[K
[0.786s]       |                                                     [01;31m[K^[m[K
[0.786s] [01m[K/home/taka4/ros2_ws/src/adi_driver2/src/adis16465_node.cpp:[m[K In member function â€˜[01m[Kbool adi_driver2::ImuNode::open()[m[Kâ€™:
[0.786s] [01m[K/home/taka4/ros2_ws/src/adi_driver2/src/adis16465_node.cpp:130:1:[m[K [01;35m[Kwarning: [m[Kno return statement in function returning non-void [[01;35m[K-Wreturn-type[m[K]
[0.786s]   130 | [01;35m[K}[m[K
[0.786s]       | [01;35m[K^[m[K
[0.790s] [01m[K/home/taka4/ros2_ws/src/adi_driver2/src/adis16465_node.cpp:[m[K In member function â€˜[01m[Kint adi_driver2::ImuNode::publish_imu_data()[m[Kâ€™:
[0.791s] [01m[K/home/taka4/ros2_ws/src/adi_driver2/src/adis16465_node.cpp:155:1:[m[K [01;35m[Kwarning: [m[Kno return statement in function returning non-void [[01;35m[K-Wreturn-type[m[K]
[0.791s]   155 | [01;35m[K}[m[K
[0.791s]       | [01;35m[K^[m[K
[0.794s] [01m[K/home/taka4/ros2_ws/src/adi_driver2/src/adis16465_node.cpp:[m[K In member function â€˜[01m[Kint adi_driver2::ImuNode::publish_temp_data()[m[Kâ€™:
[0.795s] [01m[K/home/taka4/ros2_ws/src/adi_driver2/src/adis16465_node.cpp:167:1:[m[K [01;35m[Kwarning: [m[Kno return statement in function returning non-void [[01;35m[K-Wreturn-type[m[K]
[0.795s]   167 | [01;35m[K}[m[K
[0.795s]       | [01;35m[K^[m[K
[1.388s] make[2]: *** [CMakeFiles/adis16465.dir/build.make:76: CMakeFiles/adis16465.dir/src/adis16465_node.cpp.o] ã‚¨ãƒ©ãƒ¼ 1
[1.388s] make[1]: *** [CMakeFiles/Makefile2:78: CMakeFiles/adis16465.dir/all] ã‚¨ãƒ©ãƒ¼ 2
[1.388s] make: *** [Makefile:141: all] ã‚¨ãƒ©ãƒ¼ 2
[1.390s] Invoked command in '/home/taka4/ros2_ws/src/adi_driver2/build/adi_driver2' returned '2': CMAKE_PREFIX_PATH=${CMAKE_PREFIX_PATH}:/opt/ros/foxy /usr/bin/cmake --build /home/taka4/ros2_ws/src/adi_driver2/build/adi_driver2 -- -j16 -l16
