[0.011s] Invoking command in '/home/taka4/ros2_ws/src/adi_driver2/build/adi_driver2': CMAKE_PREFIX_PATH=${CMAKE_PREFIX_PATH}:/opt/ros/foxy /usr/bin/cmake --build /home/taka4/ros2_ws/src/adi_driver2/build/adi_driver2 -- -j16 -l16
[0.038s] [35m[1mScanning dependencies of target adis16465[0m
[0.054s] [ 33%] [32mBuilding CXX object CMakeFiles/adis16465.dir/src/adis16465_node.cpp.o[0m
[0.798s] [01m[K/home/taka4/ros2_ws/src/adi_driver2/src/adis16465_node.cpp:[m[K In constructor â€˜[01m[Kadi_driver2::ImuNode::ImuNode()[m[Kâ€™:
[0.799s] [01m[K/home/taka4/ros2_ws/src/adi_driver2/src/adis16465_node.cpp:81:3:[m[K [01;31m[Kerror: [m[Kâ€˜[01m[Kbias_srv_[m[Kâ€™ was not declared in this scope
[0.799s]    81 |   [01;31m[Kbias_srv_[m[K = node_handle_.advertiseService("bias_estimate",
[0.799s]       |   [01;31m[K^~~~~~~~~[m[K
[0.800s] [01m[K/home/taka4/ros2_ws/src/adi_driver2/src/adis16465_node.cpp:81:15:[m[K [01;31m[Kerror: [m[Kâ€˜[01m[Knode_handle_[m[Kâ€™ was not declared in this scope; did you mean â€˜[01m[Knode_base_[m[Kâ€™?
[0.800s]    81 |   bias_srv_ = [01;31m[Knode_handle_[m[K.advertiseService("bias_estimate",
[0.800s]       |               [01;31m[K^~~~~~~~~~~~[m[K
[0.800s]       |               [32m[Knode_base_[m[K
[0.800s] [01m[K/home/taka4/ros2_ws/src/adi_driver2/src/adis16465_node.cpp:82:55:[m[K [01;31m[Kerror: [m[Kâ€˜[01m[Kbias_estimate[m[Kâ€™ is not a member of â€˜[01m[Kadi_driver2::ImuNode[m[Kâ€™
[0.800s]    82 |                                             &ImuNode::[01;31m[Kbias_estimate[m[K, this);
[0.800s]       |                                                       [01;31m[K^~~~~~~~~~~~~[m[K
[0.801s] [01m[K/home/taka4/ros2_ws/src/adi_driver2/src/adis16465_node.cpp:[m[K In member function â€˜[01m[Kbool adi_driver2::ImuNode::open()[m[Kâ€™:
[0.801s] [01m[K/home/taka4/ros2_ws/src/adi_driver2/src/adis16465_node.cpp:112:1:[m[K [01;35m[Kwarning: [m[Kno return statement in function returning non-void [[01;35m[K-Wreturn-type[m[K]
[0.801s]   112 | [01;35m[K}[m[K
[0.801s]       | [01;35m[K^[m[K
[0.806s] [01m[K/home/taka4/ros2_ws/src/adi_driver2/src/adis16465_node.cpp:[m[K In member function â€˜[01m[Kint adi_driver2::ImuNode::publish_imu_data()[m[Kâ€™:
[0.806s] [01m[K/home/taka4/ros2_ws/src/adi_driver2/src/adis16465_node.cpp:137:1:[m[K [01;35m[Kwarning: [m[Kno return statement in function returning non-void [[01;35m[K-Wreturn-type[m[K]
[0.806s]   137 | [01;35m[K}[m[K
[0.806s]       | [01;35m[K^[m[K
[0.809s] [01m[K/home/taka4/ros2_ws/src/adi_driver2/src/adis16465_node.cpp:[m[K In member function â€˜[01m[Kint adi_driver2::ImuNode::publish_temp_data()[m[Kâ€™:
[0.810s] [01m[K/home/taka4/ros2_ws/src/adi_driver2/src/adis16465_node.cpp:149:1:[m[K [01;35m[Kwarning: [m[Kno return statement in function returning non-void [[01;35m[K-Wreturn-type[m[K]
[0.810s]   149 | [01;35m[K}[m[K
[0.810s]       | [01;35m[K^[m[K
[1.405s] make[2]: *** [CMakeFiles/adis16465.dir/build.make:76: CMakeFiles/adis16465.dir/src/adis16465_node.cpp.o] ã‚¨ãƒ©ãƒ¼ 1
[1.405s] make[1]: *** [CMakeFiles/Makefile2:78: CMakeFiles/adis16465.dir/all] ã‚¨ãƒ©ãƒ¼ 2
[1.405s] make: *** [Makefile:141: all] ã‚¨ãƒ©ãƒ¼ 2
[1.407s] Invoked command in '/home/taka4/ros2_ws/src/adi_driver2/build/adi_driver2' returned '2': CMAKE_PREFIX_PATH=${CMAKE_PREFIX_PATH}:/opt/ros/foxy /usr/bin/cmake --build /home/taka4/ros2_ws/src/adi_driver2/build/adi_driver2 -- -j16 -l16
