[0.012s] Invoking command in '/home/taka4/ros2_ws/src/adi_driver2/build/adi_driver2': CMAKE_PREFIX_PATH=${CMAKE_PREFIX_PATH}:/opt/ros/foxy /usr/bin/cmake --build /home/taka4/ros2_ws/src/adi_driver2/build/adi_driver2 -- -j16 -l16
[0.045s] [35m[1mScanning dependencies of target adis16465[0m
[0.062s] [ 33%] [32mBuilding CXX object CMakeFiles/adis16465.dir/src/adis16465_node.cpp.o[0m
[0.804s] [01m[K/home/taka4/ros2_ws/src/adi_driver2/src/adis16465_node.cpp:[m[K In member function â€˜[01m[Kbool adi_driver2::ImuNode::open()[m[Kâ€™:
[0.804s] [01m[K/home/taka4/ros2_ws/src/adi_driver2/src/adis16465_node.cpp:109:1:[m[K [01;35m[Kwarning: [m[Kno return statement in function returning non-void [[01;35m[K-Wreturn-type[m[K]
[0.804s]   109 | [01;35m[K}[m[K
[0.804s]       | [01;35m[K^[m[K
[0.808s] [01m[K/home/taka4/ros2_ws/src/adi_driver2/src/adis16465_node.cpp:[m[K In member function â€˜[01m[Kint adi_driver2::ImuNode::publish_imu_data()[m[Kâ€™:
[0.808s] [01m[K/home/taka4/ros2_ws/src/adi_driver2/src/adis16465_node.cpp:134:1:[m[K [01;35m[Kwarning: [m[Kno return statement in function returning non-void [[01;35m[K-Wreturn-type[m[K]
[0.808s]   134 | [01;35m[K}[m[K
[0.808s]       | [01;35m[K^[m[K
[0.811s] [01m[K/home/taka4/ros2_ws/src/adi_driver2/src/adis16465_node.cpp:[m[K In member function â€˜[01m[Kint adi_driver2::ImuNode::publish_temp_data()[m[Kâ€™:
[0.812s] [01m[K/home/taka4/ros2_ws/src/adi_driver2/src/adis16465_node.cpp:145:1:[m[K [01;35m[Kwarning: [m[Kno return statement in function returning non-void [[01;35m[K-Wreturn-type[m[K]
[0.812s]   145 | [01;35m[K}[m[K
[0.812s]       | [01;35m[K^[m[K
[0.820s] [01m[K/home/taka4/ros2_ws/src/adi_driver2/src/adis16465_node.cpp:[m[K In function â€˜[01m[Kint main(int, char**)[m[Kâ€™:
[0.820s] [01m[K/home/taka4/ros2_ws/src/adi_driver2/src/adis16465_node.cpp:230:45:[m[K [01;31m[Kerror: [m[Kno matching function for call to â€˜[01m[Kadi_driver2::ImuNode::ImuNode(std::shared_ptr<adi_driver2::ImuNode>&)[m[Kâ€™
[0.820s]   230 |   adi_driver2::ImuNode node(ndt_scan_matcher[01;31m[K)[m[K;
[0.820s]       |                                             [01;31m[K^[m[K
[0.820s] [01m[K/home/taka4/ros2_ws/src/adi_driver2/src/adis16465_node.cpp:47:1:[m[K [01;36m[Knote: [m[Kcandidate: â€˜[01m[Kadi_driver2::ImuNode::ImuNode()[m[Kâ€™
[0.820s]    47 | [01;36m[KImuNode[m[K::ImuNode() : Node("adis16465_node") {
[0.820s]       | [01;36m[K^~~~~~~[m[K
[0.820s] [01m[K/home/taka4/ros2_ws/src/adi_driver2/src/adis16465_node.cpp:47:1:[m[K [01;36m[Knote: [m[K  candidate expects 0 arguments, 1 provided
[0.821s] [01m[K/home/taka4/ros2_ws/src/adi_driver2/src/adis16465_node.cpp:243:23:[m[K [01;31m[Kerror: [m[Kâ€˜[01m[Kusing element_type = class adi_driver2::ImuNode[m[Kâ€™ {aka â€˜[01m[Kclass adi_driver2::ImuNode[m[Kâ€™} has no member named â€˜[01m[Kspin[m[Kâ€™
[0.821s]   243 |   ndt_scan_matcher -> [01;31m[Kspin[m[K();
[0.821s]       |                       [01;31m[K^~~~[m[K
[1.410s] make[2]: *** [CMakeFiles/adis16465.dir/build.make:76: CMakeFiles/adis16465.dir/src/adis16465_node.cpp.o] ã‚¨ãƒ©ãƒ¼ 1
[1.411s] make[1]: *** [CMakeFiles/Makefile2:78: CMakeFiles/adis16465.dir/all] ã‚¨ãƒ©ãƒ¼ 2
[1.411s] make: *** [Makefile:141: all] ã‚¨ãƒ©ãƒ¼ 2
[1.413s] Invoked command in '/home/taka4/ros2_ws/src/adi_driver2/build/adi_driver2' returned '2': CMAKE_PREFIX_PATH=${CMAKE_PREFIX_PATH}:/opt/ros/foxy /usr/bin/cmake --build /home/taka4/ros2_ws/src/adi_driver2/build/adi_driver2 -- -j16 -l16
